mode: set
github.com/luisantonisu/wave15-grupo4/cmd/main.go:10.13,14.16 2 0
github.com/luisantonisu/wave15-grupo4/cmd/main.go:14.16,17.3 2 0
github.com/luisantonisu/wave15-grupo4/cmd/main.go:19.2,23.38 3 0
github.com/luisantonisu/wave15-grupo4/cmd/main.go:23.38,26.3 2 0
github.com/luisantonisu/wave15-grupo4/internal/handler/locality/locality.go:16.64,18.2 1 0
github.com/luisantonisu/wave15-grupo4/internal/handler/locality/locality.go:24.53,25.54 1 0
github.com/luisantonisu/wave15-grupo4/internal/handler/locality/locality.go:25.54,35.17 5 0
github.com/luisantonisu/wave15-grupo4/internal/handler/locality/locality.go:35.17,40.4 3 0
github.com/luisantonisu/wave15-grupo4/internal/handler/locality/locality.go:43.3,48.5 2 0
github.com/luisantonisu/wave15-grupo4/internal/handler/locality/locality.go:52.61,53.54 1 0
github.com/luisantonisu/wave15-grupo4/internal/handler/locality/locality.go:53.54,56.28 3 0
github.com/luisantonisu/wave15-grupo4/internal/handler/locality/locality.go:56.28,58.18 2 0
github.com/luisantonisu/wave15-grupo4/internal/handler/locality/locality.go:58.18,61.5 2 0
github.com/luisantonisu/wave15-grupo4/internal/handler/locality/locality.go:62.4,62.20 1 0
github.com/luisantonisu/wave15-grupo4/internal/handler/locality/locality.go:65.3,66.17 2 0
github.com/luisantonisu/wave15-grupo4/internal/handler/locality/locality.go:66.17,70.4 3 0
github.com/luisantonisu/wave15-grupo4/internal/handler/locality/locality.go:72.3,73.33 2 0
github.com/luisantonisu/wave15-grupo4/internal/handler/locality/locality.go:73.33,75.4 1 0
github.com/luisantonisu/wave15-grupo4/internal/handler/locality/locality.go:76.3,79.5 1 0
github.com/luisantonisu/wave15-grupo4/internal/handler/locality/locality.go:83.60,84.54 1 0
github.com/luisantonisu/wave15-grupo4/internal/handler/locality/locality.go:84.54,89.28 3 0
github.com/luisantonisu/wave15-grupo4/internal/handler/locality/locality.go:89.28,91.18 2 0
github.com/luisantonisu/wave15-grupo4/internal/handler/locality/locality.go:91.18,94.5 2 0
github.com/luisantonisu/wave15-grupo4/internal/handler/locality/locality.go:95.4,95.15 1 0
github.com/luisantonisu/wave15-grupo4/internal/handler/locality/locality.go:99.3,100.17 2 0
github.com/luisantonisu/wave15-grupo4/internal/handler/locality/locality.go:100.17,104.4 3 0
github.com/luisantonisu/wave15-grupo4/internal/handler/locality/locality.go:107.3,108.40 2 0
github.com/luisantonisu/wave15-grupo4/internal/handler/locality/locality.go:108.40,110.4 1 0
github.com/luisantonisu/wave15-grupo4/internal/handler/locality/locality.go:113.3,115.5 1 0
github.com/luisantonisu/wave15-grupo4/internal/handler/employee/employee.go:16.64,18.2 1 0
github.com/luisantonisu/wave15-grupo4/internal/handler/employee/employee.go:24.53,25.54 1 0
github.com/luisantonisu/wave15-grupo4/internal/handler/employee/employee.go:25.54,27.17 2 0
github.com/luisantonisu/wave15-grupo4/internal/handler/employee/employee.go:27.17,31.4 3 0
github.com/luisantonisu/wave15-grupo4/internal/handler/employee/employee.go:33.3,34.38 2 0
github.com/luisantonisu/wave15-grupo4/internal/handler/employee/employee.go:34.38,36.4 1 0
github.com/luisantonisu/wave15-grupo4/internal/handler/employee/employee.go:38.3,41.5 1 0
github.com/luisantonisu/wave15-grupo4/internal/handler/employee/employee.go:45.54,46.54 1 0
github.com/luisantonisu/wave15-grupo4/internal/handler/employee/employee.go:46.54,49.17 2 0
github.com/luisantonisu/wave15-grupo4/internal/handler/employee/employee.go:49.17,52.4 2 0
github.com/luisantonisu/wave15-grupo4/internal/handler/employee/employee.go:54.3,55.17 2 0
github.com/luisantonisu/wave15-grupo4/internal/handler/employee/employee.go:55.17,59.4 3 0
github.com/luisantonisu/wave15-grupo4/internal/handler/employee/employee.go:61.3,66.5 2 0
github.com/luisantonisu/wave15-grupo4/internal/handler/employee/employee.go:70.53,71.54 1 0
github.com/luisantonisu/wave15-grupo4/internal/handler/employee/employee.go:71.54,74.65 2 0
github.com/luisantonisu/wave15-grupo4/internal/handler/employee/employee.go:74.65,77.4 2 0
github.com/luisantonisu/wave15-grupo4/internal/handler/employee/employee.go:79.3,83.17 3 0
github.com/luisantonisu/wave15-grupo4/internal/handler/employee/employee.go:83.17,87.4 3 0
github.com/luisantonisu/wave15-grupo4/internal/handler/employee/employee.go:89.3,94.5 2 0
github.com/luisantonisu/wave15-grupo4/internal/handler/employee/employee.go:98.53,99.54 1 0
github.com/luisantonisu/wave15-grupo4/internal/handler/employee/employee.go:99.54,101.17 2 0
github.com/luisantonisu/wave15-grupo4/internal/handler/employee/employee.go:101.17,104.4 2 0
github.com/luisantonisu/wave15-grupo4/internal/handler/employee/employee.go:106.3,107.65 2 0
github.com/luisantonisu/wave15-grupo4/internal/handler/employee/employee.go:107.65,110.4 2 0
github.com/luisantonisu/wave15-grupo4/internal/handler/employee/employee.go:112.3,115.17 3 0
github.com/luisantonisu/wave15-grupo4/internal/handler/employee/employee.go:115.17,119.4 3 0
github.com/luisantonisu/wave15-grupo4/internal/handler/employee/employee.go:121.3,125.5 2 0
github.com/luisantonisu/wave15-grupo4/internal/handler/employee/employee.go:129.53,130.54 1 0
github.com/luisantonisu/wave15-grupo4/internal/handler/employee/employee.go:130.54,132.17 2 0
github.com/luisantonisu/wave15-grupo4/internal/handler/employee/employee.go:132.17,135.4 2 0
github.com/luisantonisu/wave15-grupo4/internal/handler/employee/employee.go:137.3,138.17 2 0
github.com/luisantonisu/wave15-grupo4/internal/handler/employee/employee.go:138.17,142.4 3 0
github.com/luisantonisu/wave15-grupo4/internal/handler/employee/employee.go:144.3,144.46 1 0
github.com/luisantonisu/wave15-grupo4/internal/handler/employee/employee.go:148.53,149.54 1 0
github.com/luisantonisu/wave15-grupo4/internal/handler/employee/employee.go:149.54,153.18 4 0
github.com/luisantonisu/wave15-grupo4/internal/handler/employee/employee.go:153.18,155.4 1 0
github.com/luisantonisu/wave15-grupo4/internal/handler/employee/employee.go:155.9,157.18 2 0
github.com/luisantonisu/wave15-grupo4/internal/handler/employee/employee.go:157.18,160.5 2 0
github.com/luisantonisu/wave15-grupo4/internal/handler/employee/employee.go:163.3,164.17 2 0
github.com/luisantonisu/wave15-grupo4/internal/handler/employee/employee.go:164.17,168.4 3 0
github.com/luisantonisu/wave15-grupo4/internal/handler/employee/employee.go:170.3,171.38 2 0
github.com/luisantonisu/wave15-grupo4/internal/handler/employee/employee.go:171.38,173.4 1 0
github.com/luisantonisu/wave15-grupo4/internal/handler/employee/employee.go:175.3,178.5 1 0
github.com/luisantonisu/wave15-grupo4/infrastructure/db/db.go:18.44,22.16 3 0
github.com/luisantonisu/wave15-grupo4/infrastructure/db/db.go:22.16,25.3 2 0
github.com/luisantonisu/wave15-grupo4/infrastructure/db/db.go:27.2,28.16 2 0
github.com/luisantonisu/wave15-grupo4/infrastructure/db/db.go:28.16,31.3 2 0
github.com/luisantonisu/wave15-grupo4/infrastructure/db/db.go:33.2,38.16 2 0
github.com/luisantonisu/wave15-grupo4/infrastructure/db/db.go:38.16,41.3 2 0
github.com/luisantonisu/wave15-grupo4/infrastructure/db/db.go:43.2,44.46 2 0
github.com/luisantonisu/wave15-grupo4/infrastructure/db/db.go:44.46,47.3 2 0
github.com/luisantonisu/wave15-grupo4/infrastructure/db/db.go:49.2,50.16 2 0
github.com/luisantonisu/wave15-grupo4/infrastructure/db/db.go:50.16,53.3 2 0
github.com/luisantonisu/wave15-grupo4/infrastructure/db/db.go:55.2,56.11 2 0
github.com/luisantonisu/wave15-grupo4/internal/handler/carry/carry.go:14.55,16.2 1 0
github.com/luisantonisu/wave15-grupo4/internal/handler/carry/carry.go:22.50,23.54 1 0
github.com/luisantonisu/wave15-grupo4/internal/handler/carry/carry.go:23.54,25.71 2 0
github.com/luisantonisu/wave15-grupo4/internal/handler/carry/carry.go:25.71,28.4 2 0
github.com/luisantonisu/wave15-grupo4/internal/handler/carry/carry.go:30.3,32.17 3 0
github.com/luisantonisu/wave15-grupo4/internal/handler/carry/carry.go:32.17,36.4 3 0
github.com/luisantonisu/wave15-grupo4/internal/handler/carry/carry.go:38.3,43.5 2 0
github.com/luisantonisu/wave15-grupo4/cmd/server/app.go:14.50,19.16 2 0
github.com/luisantonisu/wave15-grupo4/cmd/server/app.go:19.16,20.30 1 0
github.com/luisantonisu/wave15-grupo4/cmd/server/app.go:20.30,22.4 1 0
github.com/luisantonisu/wave15-grupo4/cmd/server/app.go:23.3,23.31 1 0
github.com/luisantonisu/wave15-grupo4/cmd/server/app.go:23.31,25.4 1 0
github.com/luisantonisu/wave15-grupo4/cmd/server/app.go:26.3,26.23 1 0
github.com/luisantonisu/wave15-grupo4/cmd/server/app.go:26.23,28.4 1 0
github.com/luisantonisu/wave15-grupo4/cmd/server/app.go:29.3,29.23 1 0
github.com/luisantonisu/wave15-grupo4/cmd/server/app.go:29.23,31.4 1 0
github.com/luisantonisu/wave15-grupo4/cmd/server/app.go:32.3,32.23 1 0
github.com/luisantonisu/wave15-grupo4/cmd/server/app.go:32.23,34.4 1 0
github.com/luisantonisu/wave15-grupo4/cmd/server/app.go:35.3,35.27 1 0
github.com/luisantonisu/wave15-grupo4/cmd/server/app.go:35.27,37.4 1 0
github.com/luisantonisu/wave15-grupo4/cmd/server/app.go:38.3,38.23 1 0
github.com/luisantonisu/wave15-grupo4/cmd/server/app.go:38.23,40.4 1 0
github.com/luisantonisu/wave15-grupo4/cmd/server/app.go:43.2,46.3 1 0
github.com/luisantonisu/wave15-grupo4/cmd/server/app.go:54.56,60.14 4 0
github.com/luisantonisu/wave15-grupo4/cmd/server/app.go:60.14,62.17 2 0
github.com/luisantonisu/wave15-grupo4/cmd/server/app.go:62.17,64.4 1 0
github.com/luisantonisu/wave15-grupo4/cmd/server/app.go:68.2,78.42 5 0
github.com/luisantonisu/wave15-grupo4/cmd/server/app.go:78.42,79.43 1 0
github.com/luisantonisu/wave15-grupo4/cmd/server/app.go:79.43,91.4 6 0
github.com/luisantonisu/wave15-grupo4/cmd/server/app.go:92.3,92.51 1 0
github.com/luisantonisu/wave15-grupo4/cmd/server/app.go:92.51,95.4 1 0
github.com/luisantonisu/wave15-grupo4/cmd/server/app.go:96.3,96.46 1 0
github.com/luisantonisu/wave15-grupo4/cmd/server/app.go:96.46,108.4 6 0
github.com/luisantonisu/wave15-grupo4/cmd/server/app.go:109.3,109.50 1 0
github.com/luisantonisu/wave15-grupo4/cmd/server/app.go:109.50,112.4 1 0
github.com/luisantonisu/wave15-grupo4/cmd/server/app.go:113.3,113.45 1 0
github.com/luisantonisu/wave15-grupo4/cmd/server/app.go:113.45,125.4 6 0
github.com/luisantonisu/wave15-grupo4/cmd/server/app.go:126.3,126.51 1 0
github.com/luisantonisu/wave15-grupo4/cmd/server/app.go:126.51,129.4 1 0
github.com/luisantonisu/wave15-grupo4/cmd/server/app.go:130.3,130.45 1 0
github.com/luisantonisu/wave15-grupo4/cmd/server/app.go:130.45,142.4 6 0
github.com/luisantonisu/wave15-grupo4/cmd/server/app.go:143.3,143.51 1 0
github.com/luisantonisu/wave15-grupo4/cmd/server/app.go:143.51,146.4 1 0
github.com/luisantonisu/wave15-grupo4/cmd/server/app.go:147.3,147.44 1 0
github.com/luisantonisu/wave15-grupo4/cmd/server/app.go:147.44,158.4 5 0
github.com/luisantonisu/wave15-grupo4/cmd/server/app.go:159.3,159.47 1 0
github.com/luisantonisu/wave15-grupo4/cmd/server/app.go:159.47,166.4 3 0
github.com/luisantonisu/wave15-grupo4/cmd/server/app.go:167.3,167.47 1 0
github.com/luisantonisu/wave15-grupo4/cmd/server/app.go:167.47,178.4 5 0
github.com/luisantonisu/wave15-grupo4/cmd/server/app.go:179.3,179.45 1 0
github.com/luisantonisu/wave15-grupo4/cmd/server/app.go:179.45,182.4 1 0
github.com/luisantonisu/wave15-grupo4/cmd/server/app.go:186.2,187.8 2 0
github.com/luisantonisu/wave15-grupo4/cmd/server/dependency_injection.go:64.39,123.2 40 0
github.com/luisantonisu/wave15-grupo4/internal/domain/dto/buyer_dto.go:25.44,26.27 1 0
github.com/luisantonisu/wave15-grupo4/internal/domain/dto/buyer_dto.go:26.27,28.3 1 0
github.com/luisantonisu/wave15-grupo4/internal/domain/dto/buyer_dto.go:29.2,29.12 1 0
github.com/luisantonisu/wave15-grupo4/internal/domain/dto/product_batch_dto.go:33.51,34.25 1 0
github.com/luisantonisu/wave15-grupo4/internal/domain/dto/product_batch_dto.go:34.25,36.3 1 0
github.com/luisantonisu/wave15-grupo4/internal/domain/dto/product_batch_dto.go:37.2,37.12 1 0
github.com/luisantonisu/wave15-grupo4/internal/domain/dto/purchase_order_dto.go:21.52,22.26 1 0
github.com/luisantonisu/wave15-grupo4/internal/domain/dto/purchase_order_dto.go:22.26,24.3 1 0
github.com/luisantonisu/wave15-grupo4/internal/domain/dto/purchase_order_dto.go:25.2,25.12 1 0
github.com/luisantonisu/wave15-grupo4/internal/domain/dto/section_dto.go:61.46,62.28 1 0
github.com/luisantonisu/wave15-grupo4/internal/domain/dto/section_dto.go:62.28,64.3 1 0
github.com/luisantonisu/wave15-grupo4/internal/domain/dto/section_dto.go:65.2,65.12 1 0
github.com/luisantonisu/wave15-grupo4/internal/handler/buyer/buyer.go:16.55,18.2 1 0
github.com/luisantonisu/wave15-grupo4/internal/handler/buyer/buyer.go:24.50,25.54 1 0
github.com/luisantonisu/wave15-grupo4/internal/handler/buyer/buyer.go:25.54,28.74 2 0
github.com/luisantonisu/wave15-grupo4/internal/handler/buyer/buyer.go:28.74,31.4 2 0
github.com/luisantonisu/wave15-grupo4/internal/handler/buyer/buyer.go:34.3,34.52 1 0
github.com/luisantonisu/wave15-grupo4/internal/handler/buyer/buyer.go:34.52,38.4 3 0
github.com/luisantonisu/wave15-grupo4/internal/handler/buyer/buyer.go:39.3,43.17 3 0
github.com/luisantonisu/wave15-grupo4/internal/handler/buyer/buyer.go:43.17,47.4 3 0
github.com/luisantonisu/wave15-grupo4/internal/handler/buyer/buyer.go:48.3,54.5 2 0
github.com/luisantonisu/wave15-grupo4/internal/handler/buyer/buyer.go:59.50,60.54 1 0
github.com/luisantonisu/wave15-grupo4/internal/handler/buyer/buyer.go:60.54,63.17 2 0
github.com/luisantonisu/wave15-grupo4/internal/handler/buyer/buyer.go:63.17,67.4 3 0
github.com/luisantonisu/wave15-grupo4/internal/handler/buyer/buyer.go:70.3,71.32 2 0
github.com/luisantonisu/wave15-grupo4/internal/handler/buyer/buyer.go:71.32,73.4 1 0
github.com/luisantonisu/wave15-grupo4/internal/handler/buyer/buyer.go:76.3,78.5 1 0
github.com/luisantonisu/wave15-grupo4/internal/handler/buyer/buyer.go:83.51,84.54 1 0
github.com/luisantonisu/wave15-grupo4/internal/handler/buyer/buyer.go:84.54,88.17 3 0
github.com/luisantonisu/wave15-grupo4/internal/handler/buyer/buyer.go:88.17,91.4 2 0
github.com/luisantonisu/wave15-grupo4/internal/handler/buyer/buyer.go:94.3,95.17 2 0
github.com/luisantonisu/wave15-grupo4/internal/handler/buyer/buyer.go:95.17,99.4 3 0
github.com/luisantonisu/wave15-grupo4/internal/handler/buyer/buyer.go:100.3,106.5 2 0
github.com/luisantonisu/wave15-grupo4/internal/handler/buyer/buyer.go:111.50,112.54 1 0
github.com/luisantonisu/wave15-grupo4/internal/handler/buyer/buyer.go:112.54,116.17 3 0
github.com/luisantonisu/wave15-grupo4/internal/handler/buyer/buyer.go:116.17,119.4 2 0
github.com/luisantonisu/wave15-grupo4/internal/handler/buyer/buyer.go:122.3,123.17 2 0
github.com/luisantonisu/wave15-grupo4/internal/handler/buyer/buyer.go:123.17,127.4 3 0
github.com/luisantonisu/wave15-grupo4/internal/handler/buyer/buyer.go:130.3,130.46 1 0
github.com/luisantonisu/wave15-grupo4/internal/handler/buyer/buyer.go:135.50,136.54 1 0
github.com/luisantonisu/wave15-grupo4/internal/handler/buyer/buyer.go:136.54,140.17 3 0
github.com/luisantonisu/wave15-grupo4/internal/handler/buyer/buyer.go:140.17,143.4 2 0
github.com/luisantonisu/wave15-grupo4/internal/handler/buyer/buyer.go:146.3,147.74 2 0
github.com/luisantonisu/wave15-grupo4/internal/handler/buyer/buyer.go:147.74,150.4 2 0
github.com/luisantonisu/wave15-grupo4/internal/handler/buyer/buyer.go:151.3,155.17 3 0
github.com/luisantonisu/wave15-grupo4/internal/handler/buyer/buyer.go:155.17,159.4 3 0
github.com/luisantonisu/wave15-grupo4/internal/handler/buyer/buyer.go:160.3,166.5 2 0
github.com/luisantonisu/wave15-grupo4/internal/handler/buyer/buyer.go:171.50,172.54 1 0
github.com/luisantonisu/wave15-grupo4/internal/handler/buyer/buyer.go:172.54,176.27 3 0
github.com/luisantonisu/wave15-grupo4/internal/handler/buyer/buyer.go:176.27,178.18 2 0
github.com/luisantonisu/wave15-grupo4/internal/handler/buyer/buyer.go:178.18,181.5 2 0
github.com/luisantonisu/wave15-grupo4/internal/handler/buyer/buyer.go:182.4,182.15 1 0
github.com/luisantonisu/wave15-grupo4/internal/handler/buyer/buyer.go:186.3,187.17 2 0
github.com/luisantonisu/wave15-grupo4/internal/handler/buyer/buyer.go:187.17,191.4 3 0
github.com/luisantonisu/wave15-grupo4/internal/handler/buyer/buyer.go:194.3,195.32 2 0
github.com/luisantonisu/wave15-grupo4/internal/handler/buyer/buyer.go:195.32,197.4 1 0
github.com/luisantonisu/wave15-grupo4/internal/handler/buyer/buyer.go:198.3,201.5 1 0
github.com/luisantonisu/wave15-grupo4/internal/handler/inbound_order/inbound_order.go:18.76,20.2 1 0
github.com/luisantonisu/wave15-grupo4/internal/handler/inbound_order/inbound_order.go:22.57,23.54 1 0
github.com/luisantonisu/wave15-grupo4/internal/handler/inbound_order/inbound_order.go:23.54,26.65 2 0
github.com/luisantonisu/wave15-grupo4/internal/handler/inbound_order/inbound_order.go:26.65,30.4 3 0
github.com/luisantonisu/wave15-grupo4/internal/handler/inbound_order/inbound_order.go:32.3,34.17 3 0
github.com/luisantonisu/wave15-grupo4/internal/handler/inbound_order/inbound_order.go:34.17,38.4 3 0
github.com/luisantonisu/wave15-grupo4/internal/handler/inbound_order/inbound_order.go:40.3,45.5 2 0
github.com/luisantonisu/wave15-grupo4/internal/config/config.go:26.36,28.17 2 0
github.com/luisantonisu/wave15-grupo4/internal/config/config.go:28.17,29.40 1 0
github.com/luisantonisu/wave15-grupo4/internal/config/config.go:29.40,32.4 2 0
github.com/luisantonisu/wave15-grupo4/internal/config/config.go:34.3,41.4 1 0
github.com/luisantonisu/wave15-grupo4/internal/config/config.go:44.2,44.20 1 0
github.com/luisantonisu/wave15-grupo4/internal/handler/purchase_order/purchase_order.go:14.79,16.2 1 0
github.com/luisantonisu/wave15-grupo4/internal/handler/purchase_order/purchase_order.go:22.58,23.54 1 0
github.com/luisantonisu/wave15-grupo4/internal/handler/purchase_order/purchase_order.go:23.54,26.82 2 0
github.com/luisantonisu/wave15-grupo4/internal/handler/purchase_order/purchase_order.go:26.82,29.4 2 0
github.com/luisantonisu/wave15-grupo4/internal/handler/purchase_order/purchase_order.go:32.3,32.60 1 0
github.com/luisantonisu/wave15-grupo4/internal/handler/purchase_order/purchase_order.go:32.60,36.4 3 0
github.com/luisantonisu/wave15-grupo4/internal/handler/purchase_order/purchase_order.go:37.3,41.17 3 0
github.com/luisantonisu/wave15-grupo4/internal/handler/purchase_order/purchase_order.go:41.17,45.4 3 0
github.com/luisantonisu/wave15-grupo4/internal/handler/purchase_order/purchase_order.go:46.3,52.5 2 0
github.com/luisantonisu/wave15-grupo4/internal/handler/product_record/product_record.go:18.84,20.2 1 0
github.com/luisantonisu/wave15-grupo4/internal/handler/product_record/product_record.go:22.58,23.54 1 0
github.com/luisantonisu/wave15-grupo4/internal/handler/product_record/product_record.go:23.54,26.69 2 0
github.com/luisantonisu/wave15-grupo4/internal/handler/product_record/product_record.go:26.69,30.4 3 0
github.com/luisantonisu/wave15-grupo4/internal/handler/product_record/product_record.go:32.3,36.17 3 0
github.com/luisantonisu/wave15-grupo4/internal/handler/product_record/product_record.go:36.17,40.4 3 0
github.com/luisantonisu/wave15-grupo4/internal/handler/product_record/product_record.go:43.3,45.5 1 0
github.com/luisantonisu/wave15-grupo4/internal/handler/section/section.go:16.61,18.2 1 0
github.com/luisantonisu/wave15-grupo4/internal/handler/section/section.go:24.52,25.54 1 0
github.com/luisantonisu/wave15-grupo4/internal/handler/section/section.go:25.54,27.17 2 0
github.com/luisantonisu/wave15-grupo4/internal/handler/section/section.go:27.17,31.4 3 0
github.com/luisantonisu/wave15-grupo4/internal/handler/section/section.go:33.3,34.34 2 0
github.com/luisantonisu/wave15-grupo4/internal/handler/section/section.go:34.34,36.4 1 0
github.com/luisantonisu/wave15-grupo4/internal/handler/section/section.go:38.3,40.5 1 0
github.com/luisantonisu/wave15-grupo4/internal/handler/section/section.go:44.53,45.54 1 0
github.com/luisantonisu/wave15-grupo4/internal/handler/section/section.go:45.54,47.17 2 0
github.com/luisantonisu/wave15-grupo4/internal/handler/section/section.go:47.17,50.4 2 0
github.com/luisantonisu/wave15-grupo4/internal/handler/section/section.go:52.3,53.17 2 0
github.com/luisantonisu/wave15-grupo4/internal/handler/section/section.go:53.17,57.4 3 0
github.com/luisantonisu/wave15-grupo4/internal/handler/section/section.go:59.3,63.5 2 0
github.com/luisantonisu/wave15-grupo4/internal/handler/section/section.go:67.52,68.54 1 0
github.com/luisantonisu/wave15-grupo4/internal/handler/section/section.go:68.54,72.17 3 0
github.com/luisantonisu/wave15-grupo4/internal/handler/section/section.go:72.17,75.4 2 0
github.com/luisantonisu/wave15-grupo4/internal/handler/section/section.go:77.3,78.17 2 0
github.com/luisantonisu/wave15-grupo4/internal/handler/section/section.go:78.17,82.4 3 0
github.com/luisantonisu/wave15-grupo4/internal/handler/section/section.go:83.3,86.17 3 0
github.com/luisantonisu/wave15-grupo4/internal/handler/section/section.go:86.17,90.4 3 0
github.com/luisantonisu/wave15-grupo4/internal/handler/section/section.go:92.3,96.5 2 0
github.com/luisantonisu/wave15-grupo4/internal/handler/section/section.go:100.51,101.54 1 0
github.com/luisantonisu/wave15-grupo4/internal/handler/section/section.go:101.54,104.17 3 0
github.com/luisantonisu/wave15-grupo4/internal/handler/section/section.go:104.17,107.4 2 0
github.com/luisantonisu/wave15-grupo4/internal/handler/section/section.go:109.3,111.17 3 0
github.com/luisantonisu/wave15-grupo4/internal/handler/section/section.go:111.17,114.4 2 0
github.com/luisantonisu/wave15-grupo4/internal/handler/section/section.go:115.3,118.17 3 0
github.com/luisantonisu/wave15-grupo4/internal/handler/section/section.go:118.17,122.4 3 0
github.com/luisantonisu/wave15-grupo4/internal/handler/section/section.go:123.3,127.5 2 0
github.com/luisantonisu/wave15-grupo4/internal/handler/section/section.go:131.52,132.54 1 0
github.com/luisantonisu/wave15-grupo4/internal/handler/section/section.go:132.54,134.17 2 0
github.com/luisantonisu/wave15-grupo4/internal/handler/section/section.go:134.17,137.4 2 0
github.com/luisantonisu/wave15-grupo4/internal/handler/section/section.go:139.3,140.17 2 0
github.com/luisantonisu/wave15-grupo4/internal/handler/section/section.go:140.17,144.4 3 0
github.com/luisantonisu/wave15-grupo4/internal/handler/section/section.go:146.3,146.46 1 0
github.com/luisantonisu/wave15-grupo4/internal/handler/section/section.go:150.52,151.54 1 0
github.com/luisantonisu/wave15-grupo4/internal/handler/section/section.go:151.54,155.22 4 0
github.com/luisantonisu/wave15-grupo4/internal/handler/section/section.go:155.22,157.18 2 0
github.com/luisantonisu/wave15-grupo4/internal/handler/section/section.go:157.18,159.5 1 0
github.com/luisantonisu/wave15-grupo4/internal/handler/section/section.go:160.4,160.15 1 0
github.com/luisantonisu/wave15-grupo4/internal/handler/section/section.go:163.3,164.17 2 0
github.com/luisantonisu/wave15-grupo4/internal/handler/section/section.go:164.17,168.4 3 0
github.com/luisantonisu/wave15-grupo4/internal/handler/section/section.go:170.3,171.32 2 0
github.com/luisantonisu/wave15-grupo4/internal/handler/section/section.go:171.32,173.4 1 0
github.com/luisantonisu/wave15-grupo4/internal/handler/section/section.go:175.3,177.5 1 0
github.com/luisantonisu/wave15-grupo4/internal/loader/loader.go:8.29,10.16 2 0
github.com/luisantonisu/wave15-grupo4/internal/loader/loader.go:10.16,12.3 1 0
github.com/luisantonisu/wave15-grupo4/internal/loader/loader.go:13.2,15.16 3 0
github.com/luisantonisu/wave15-grupo4/internal/loader/loader.go:15.16,17.3 1 0
github.com/luisantonisu/wave15-grupo4/internal/loader/loader.go:18.2,18.12 1 0
github.com/luisantonisu/wave15-grupo4/internal/handler/seller/seller.go:16.58,18.2 1 0
github.com/luisantonisu/wave15-grupo4/internal/handler/seller/seller.go:24.51,25.54 1 0
github.com/luisantonisu/wave15-grupo4/internal/handler/seller/seller.go:25.54,28.17 2 0
github.com/luisantonisu/wave15-grupo4/internal/handler/seller/seller.go:28.17,32.4 3 0
github.com/luisantonisu/wave15-grupo4/internal/handler/seller/seller.go:35.3,36.33 2 0
github.com/luisantonisu/wave15-grupo4/internal/handler/seller/seller.go:36.33,38.4 1 0
github.com/luisantonisu/wave15-grupo4/internal/handler/seller/seller.go:41.3,43.5 1 0
github.com/luisantonisu/wave15-grupo4/internal/handler/seller/seller.go:48.52,49.54 1 0
github.com/luisantonisu/wave15-grupo4/internal/handler/seller/seller.go:49.54,52.17 2 0
github.com/luisantonisu/wave15-grupo4/internal/handler/seller/seller.go:52.17,55.4 2 0
github.com/luisantonisu/wave15-grupo4/internal/handler/seller/seller.go:58.3,59.17 2 0
github.com/luisantonisu/wave15-grupo4/internal/handler/seller/seller.go:59.17,63.4 3 0
github.com/luisantonisu/wave15-grupo4/internal/handler/seller/seller.go:66.3,71.5 2 0
github.com/luisantonisu/wave15-grupo4/internal/handler/seller/seller.go:75.51,76.54 1 0
github.com/luisantonisu/wave15-grupo4/internal/handler/seller/seller.go:76.54,86.17 5 0
github.com/luisantonisu/wave15-grupo4/internal/handler/seller/seller.go:86.17,92.4 3 0
github.com/luisantonisu/wave15-grupo4/internal/handler/seller/seller.go:95.3,100.5 2 0
github.com/luisantonisu/wave15-grupo4/internal/handler/seller/seller.go:104.51,105.54 1 0
github.com/luisantonisu/wave15-grupo4/internal/handler/seller/seller.go:105.54,108.17 2 0
github.com/luisantonisu/wave15-grupo4/internal/handler/seller/seller.go:108.17,111.4 2 0
github.com/luisantonisu/wave15-grupo4/internal/handler/seller/seller.go:113.3,121.17 5 0
github.com/luisantonisu/wave15-grupo4/internal/handler/seller/seller.go:121.17,127.4 3 0
github.com/luisantonisu/wave15-grupo4/internal/handler/seller/seller.go:130.3,135.5 2 0
github.com/luisantonisu/wave15-grupo4/internal/handler/seller/seller.go:139.51,140.54 1 0
github.com/luisantonisu/wave15-grupo4/internal/handler/seller/seller.go:140.54,143.17 2 0
github.com/luisantonisu/wave15-grupo4/internal/handler/seller/seller.go:143.17,146.4 2 0
github.com/luisantonisu/wave15-grupo4/internal/handler/seller/seller.go:149.3,150.17 2 0
github.com/luisantonisu/wave15-grupo4/internal/handler/seller/seller.go:150.17,154.4 3 0
github.com/luisantonisu/wave15-grupo4/internal/handler/seller/seller.go:157.3,157.46 1 0
github.com/luisantonisu/wave15-grupo4/internal/handler/product_batch/product_batch.go:14.76,16.2 1 0
github.com/luisantonisu/wave15-grupo4/internal/handler/product_batch/product_batch.go:22.57,23.54 1 0
github.com/luisantonisu/wave15-grupo4/internal/handler/product_batch/product_batch.go:23.54,27.17 3 0
github.com/luisantonisu/wave15-grupo4/internal/handler/product_batch/product_batch.go:27.17,30.4 2 0
github.com/luisantonisu/wave15-grupo4/internal/handler/product_batch/product_batch.go:33.3,33.56 1 0
github.com/luisantonisu/wave15-grupo4/internal/handler/product_batch/product_batch.go:33.56,37.4 3 0
github.com/luisantonisu/wave15-grupo4/internal/handler/product_batch/product_batch.go:39.3,42.17 3 0
github.com/luisantonisu/wave15-grupo4/internal/handler/product_batch/product_batch.go:42.17,46.4 3 0
github.com/luisantonisu/wave15-grupo4/internal/handler/product_batch/product_batch.go:50.3,52.5 1 0
github.com/luisantonisu/wave15-grupo4/internal/repository/carry/carry.go:11.54,15.2 1 0
github.com/luisantonisu/wave15-grupo4/internal/repository/carry/carry.go:21.74,25.16 2 0
github.com/luisantonisu/wave15-grupo4/internal/repository/carry/carry.go:25.16,27.3 1 0
github.com/luisantonisu/wave15-grupo4/internal/repository/carry/carry.go:29.2,30.16 2 0
github.com/luisantonisu/wave15-grupo4/internal/repository/carry/carry.go:30.16,32.3 1 0
github.com/luisantonisu/wave15-grupo4/internal/repository/carry/carry.go:34.2,37.8 1 0
github.com/luisantonisu/wave15-grupo4/internal/repository/carry/carry.go:40.64,45.16 3 0
github.com/luisantonisu/wave15-grupo4/internal/repository/carry/carry.go:45.16,46.27 1 0
github.com/luisantonisu/wave15-grupo4/internal/repository/carry/carry.go:46.27,48.4 1 0
github.com/luisantonisu/wave15-grupo4/internal/repository/carry/carry.go:49.3,49.52 1 0
github.com/luisantonisu/wave15-grupo4/internal/repository/carry/carry.go:51.2,51.19 1 0
github.com/luisantonisu/wave15-grupo4/internal/repository/carry/carry.go:54.72,59.16 3 0
github.com/luisantonisu/wave15-grupo4/internal/repository/carry/carry.go:59.16,60.27 1 0
github.com/luisantonisu/wave15-grupo4/internal/repository/carry/carry.go:60.27,62.4 1 0
github.com/luisantonisu/wave15-grupo4/internal/repository/carry/carry.go:63.3,63.52 1 0
github.com/luisantonisu/wave15-grupo4/internal/repository/carry/carry.go:65.2,65.19 1 0
github.com/luisantonisu/wave15-grupo4/internal/handler/warehouse/warehouse.go:16.67,18.2 1 0
github.com/luisantonisu/wave15-grupo4/internal/handler/warehouse/warehouse.go:24.54,25.54 1 0
github.com/luisantonisu/wave15-grupo4/internal/handler/warehouse/warehouse.go:25.54,27.17 2 0
github.com/luisantonisu/wave15-grupo4/internal/handler/warehouse/warehouse.go:27.17,31.4 3 0
github.com/luisantonisu/wave15-grupo4/internal/handler/warehouse/warehouse.go:33.3,34.36 2 0
github.com/luisantonisu/wave15-grupo4/internal/handler/warehouse/warehouse.go:34.36,36.4 1 0
github.com/luisantonisu/wave15-grupo4/internal/handler/warehouse/warehouse.go:38.3,41.5 1 0
github.com/luisantonisu/wave15-grupo4/internal/handler/warehouse/warehouse.go:45.55,46.54 1 0
github.com/luisantonisu/wave15-grupo4/internal/handler/warehouse/warehouse.go:46.54,48.17 2 0
github.com/luisantonisu/wave15-grupo4/internal/handler/warehouse/warehouse.go:48.17,51.4 2 0
github.com/luisantonisu/wave15-grupo4/internal/handler/warehouse/warehouse.go:53.3,54.17 2 0
github.com/luisantonisu/wave15-grupo4/internal/handler/warehouse/warehouse.go:54.17,58.4 3 0
github.com/luisantonisu/wave15-grupo4/internal/handler/warehouse/warehouse.go:60.3,65.5 2 0
github.com/luisantonisu/wave15-grupo4/internal/handler/warehouse/warehouse.go:69.54,70.54 1 0
github.com/luisantonisu/wave15-grupo4/internal/handler/warehouse/warehouse.go:70.54,72.75 2 0
github.com/luisantonisu/wave15-grupo4/internal/handler/warehouse/warehouse.go:72.75,75.4 2 0
github.com/luisantonisu/wave15-grupo4/internal/handler/warehouse/warehouse.go:77.3,79.17 3 0
github.com/luisantonisu/wave15-grupo4/internal/handler/warehouse/warehouse.go:79.17,83.4 3 0
github.com/luisantonisu/wave15-grupo4/internal/handler/warehouse/warehouse.go:85.3,90.5 2 0
github.com/luisantonisu/wave15-grupo4/internal/handler/warehouse/warehouse.go:94.54,95.54 1 0
github.com/luisantonisu/wave15-grupo4/internal/handler/warehouse/warehouse.go:95.54,97.17 2 0
github.com/luisantonisu/wave15-grupo4/internal/handler/warehouse/warehouse.go:97.17,100.4 2 0
github.com/luisantonisu/wave15-grupo4/internal/handler/warehouse/warehouse.go:102.3,103.75 2 0
github.com/luisantonisu/wave15-grupo4/internal/handler/warehouse/warehouse.go:103.75,106.4 2 0
github.com/luisantonisu/wave15-grupo4/internal/handler/warehouse/warehouse.go:108.3,110.17 3 0
github.com/luisantonisu/wave15-grupo4/internal/handler/warehouse/warehouse.go:110.17,114.4 3 0
github.com/luisantonisu/wave15-grupo4/internal/handler/warehouse/warehouse.go:116.3,121.5 2 0
github.com/luisantonisu/wave15-grupo4/internal/handler/warehouse/warehouse.go:125.54,126.54 1 0
github.com/luisantonisu/wave15-grupo4/internal/handler/warehouse/warehouse.go:126.54,128.17 2 0
github.com/luisantonisu/wave15-grupo4/internal/handler/warehouse/warehouse.go:128.17,131.4 2 0
github.com/luisantonisu/wave15-grupo4/internal/handler/warehouse/warehouse.go:133.3,134.17 2 0
github.com/luisantonisu/wave15-grupo4/internal/handler/warehouse/warehouse.go:134.17,138.4 3 0
github.com/luisantonisu/wave15-grupo4/internal/handler/warehouse/warehouse.go:140.3,140.46 1 0
github.com/luisantonisu/wave15-grupo4/internal/repository/country/country.go:9.58,13.2 1 0
github.com/luisantonisu/wave15-grupo4/internal/repository/country/country.go:19.88,22.29 2 0
github.com/luisantonisu/wave15-grupo4/internal/repository/country/country.go:22.29,25.3 1 0
github.com/luisantonisu/wave15-grupo4/internal/repository/country/country.go:28.2,30.16 3 0
github.com/luisantonisu/wave15-grupo4/internal/repository/country/country.go:30.16,32.3 1 0
github.com/luisantonisu/wave15-grupo4/internal/repository/country/country.go:34.2,34.23 1 0
github.com/luisantonisu/wave15-grupo4/internal/repository/country/country.go:37.71,40.16 3 0
github.com/luisantonisu/wave15-grupo4/internal/repository/country/country.go:40.16,42.3 1 0
github.com/luisantonisu/wave15-grupo4/internal/repository/country/country.go:44.2,44.14 1 0
github.com/luisantonisu/wave15-grupo4/internal/repository/locality/locality.go:10.60,14.2 1 0
github.com/luisantonisu/wave15-grupo4/internal/repository/locality/locality.go:20.77,26.16 3 0
github.com/luisantonisu/wave15-grupo4/internal/repository/locality/locality.go:26.16,27.27 1 0
github.com/luisantonisu/wave15-grupo4/internal/repository/locality/locality.go:27.27,29.4 1 0
github.com/luisantonisu/wave15-grupo4/internal/repository/locality/locality.go:30.3,30.68 1 0
github.com/luisantonisu/wave15-grupo4/internal/repository/locality/locality.go:33.2,33.22 1 0
github.com/luisantonisu/wave15-grupo4/internal/repository/locality/locality.go:36.100,38.23 2 0
github.com/luisantonisu/wave15-grupo4/internal/repository/locality/locality.go:38.23,40.3 1 0
github.com/luisantonisu/wave15-grupo4/internal/repository/locality/locality.go:42.2,43.25 2 0
github.com/luisantonisu/wave15-grupo4/internal/repository/locality/locality.go:43.25,45.3 1 0
github.com/luisantonisu/wave15-grupo4/internal/repository/locality/locality.go:47.2,49.16 2 0
github.com/luisantonisu/wave15-grupo4/internal/repository/locality/locality.go:49.16,51.3 1 0
github.com/luisantonisu/wave15-grupo4/internal/repository/locality/locality.go:53.2,59.25 5 0
github.com/luisantonisu/wave15-grupo4/internal/repository/locality/locality.go:62.85,65.16 2 0
github.com/luisantonisu/wave15-grupo4/internal/repository/locality/locality.go:65.16,67.3 1 0
github.com/luisantonisu/wave15-grupo4/internal/repository/locality/locality.go:69.2,70.18 2 0
github.com/luisantonisu/wave15-grupo4/internal/repository/locality/locality.go:70.18,73.17 3 0
github.com/luisantonisu/wave15-grupo4/internal/repository/locality/locality.go:73.17,75.4 1 0
github.com/luisantonisu/wave15-grupo4/internal/repository/locality/locality.go:76.3,76.44 1 0
github.com/luisantonisu/wave15-grupo4/internal/repository/locality/locality.go:79.2,79.24 1 0
github.com/luisantonisu/wave15-grupo4/internal/repository/locality/locality.go:82.86,90.15 4 0
github.com/luisantonisu/wave15-grupo4/internal/repository/locality/locality.go:90.15,93.3 2 0
github.com/luisantonisu/wave15-grupo4/internal/repository/locality/locality.go:93.8,95.3 1 0
github.com/luisantonisu/wave15-grupo4/internal/repository/locality/locality.go:96.2,96.16 1 0
github.com/luisantonisu/wave15-grupo4/internal/repository/locality/locality.go:96.16,98.3 1 0
github.com/luisantonisu/wave15-grupo4/internal/repository/locality/locality.go:100.2,101.18 2 0
github.com/luisantonisu/wave15-grupo4/internal/repository/locality/locality.go:101.18,104.17 3 0
github.com/luisantonisu/wave15-grupo4/internal/repository/locality/locality.go:104.17,106.4 1 0
github.com/luisantonisu/wave15-grupo4/internal/repository/locality/locality.go:107.3,107.34 1 0
github.com/luisantonisu/wave15-grupo4/internal/repository/locality/locality.go:109.2,109.20 1 0
github.com/luisantonisu/wave15-grupo4/internal/repository/locality/locality.go:112.67,115.16 3 0
github.com/luisantonisu/wave15-grupo4/internal/repository/locality/locality.go:115.16,117.3 1 0
github.com/luisantonisu/wave15-grupo4/internal/repository/locality/locality.go:119.2,119.14 1 0
github.com/luisantonisu/wave15-grupo4/internal/repository/locality/locality.go:122.74,125.16 3 0
github.com/luisantonisu/wave15-grupo4/internal/repository/locality/locality.go:125.16,127.3 1 0
github.com/luisantonisu/wave15-grupo4/internal/repository/locality/locality.go:129.2,129.14 1 0
github.com/luisantonisu/wave15-grupo4/internal/repository/locality/locality.go:132.87,134.15 1 0
github.com/luisantonisu/wave15-grupo4/internal/repository/locality/locality.go:134.15,137.25 2 0
github.com/luisantonisu/wave15-grupo4/internal/repository/locality/locality.go:137.25,139.4 1 0
github.com/luisantonisu/wave15-grupo4/internal/repository/locality/locality.go:142.3,144.17 2 0
github.com/luisantonisu/wave15-grupo4/internal/repository/locality/locality.go:144.17,146.4 1 0
github.com/luisantonisu/wave15-grupo4/internal/repository/locality/locality.go:148.3,148.19 1 0
github.com/luisantonisu/wave15-grupo4/internal/repository/locality/locality.go:151.2,153.16 2 0
github.com/luisantonisu/wave15-grupo4/internal/repository/locality/locality.go:153.16,155.3 1 0
github.com/luisantonisu/wave15-grupo4/internal/repository/locality/locality.go:157.2,157.18 1 0
github.com/luisantonisu/wave15-grupo4/internal/repository/buyer/buyer.go:10.54,14.2 1 0
github.com/luisantonisu/wave15-grupo4/internal/repository/buyer/buyer.go:21.84,23.47 1 0
github.com/luisantonisu/wave15-grupo4/internal/repository/buyer/buyer.go:23.47,25.3 1 0
github.com/luisantonisu/wave15-grupo4/internal/repository/buyer/buyer.go:27.2,30.16 2 0
github.com/luisantonisu/wave15-grupo4/internal/repository/buyer/buyer.go:30.16,32.3 1 0
github.com/luisantonisu/wave15-grupo4/internal/repository/buyer/buyer.go:33.2,34.16 2 0
github.com/luisantonisu/wave15-grupo4/internal/repository/buyer/buyer.go:34.16,36.3 1 0
github.com/luisantonisu/wave15-grupo4/internal/repository/buyer/buyer.go:39.2,43.22 4 0
github.com/luisantonisu/wave15-grupo4/internal/repository/buyer/buyer.go:47.59,50.16 2 0
github.com/luisantonisu/wave15-grupo4/internal/repository/buyer/buyer.go:50.16,52.3 1 0
github.com/luisantonisu/wave15-grupo4/internal/repository/buyer/buyer.go:53.2,57.18 3 0
github.com/luisantonisu/wave15-grupo4/internal/repository/buyer/buyer.go:57.18,60.17 3 0
github.com/luisantonisu/wave15-grupo4/internal/repository/buyer/buyer.go:60.17,62.4 1 0
github.com/luisantonisu/wave15-grupo4/internal/repository/buyer/buyer.go:63.3,63.33 1 0
github.com/luisantonisu/wave15-grupo4/internal/repository/buyer/buyer.go:65.2,65.20 1 0
github.com/luisantonisu/wave15-grupo4/internal/repository/buyer/buyer.go:69.64,77.16 3 0
github.com/luisantonisu/wave15-grupo4/internal/repository/buyer/buyer.go:77.16,79.3 1 0
github.com/luisantonisu/wave15-grupo4/internal/repository/buyer/buyer.go:80.2,80.19 1 0
github.com/luisantonisu/wave15-grupo4/internal/repository/buyer/buyer.go:84.48,86.24 1 0
github.com/luisantonisu/wave15-grupo4/internal/repository/buyer/buyer.go:86.24,88.3 1 0
github.com/luisantonisu/wave15-grupo4/internal/repository/buyer/buyer.go:91.2,92.16 2 0
github.com/luisantonisu/wave15-grupo4/internal/repository/buyer/buyer.go:92.16,94.3 1 0
github.com/luisantonisu/wave15-grupo4/internal/repository/buyer/buyer.go:95.2,95.12 1 0
github.com/luisantonisu/wave15-grupo4/internal/repository/buyer/buyer.go:99.92,101.24 1 0
github.com/luisantonisu/wave15-grupo4/internal/repository/buyer/buyer.go:101.24,103.3 1 0
github.com/luisantonisu/wave15-grupo4/internal/repository/buyer/buyer.go:105.2,109.16 3 0
github.com/luisantonisu/wave15-grupo4/internal/repository/buyer/buyer.go:109.16,111.3 1 0
github.com/luisantonisu/wave15-grupo4/internal/repository/buyer/buyer.go:114.2,114.28 1 0
github.com/luisantonisu/wave15-grupo4/internal/repository/buyer/buyer.go:114.28,116.3 1 0
github.com/luisantonisu/wave15-grupo4/internal/repository/buyer/buyer.go:117.2,117.27 1 0
github.com/luisantonisu/wave15-grupo4/internal/repository/buyer/buyer.go:117.27,119.3 1 0
github.com/luisantonisu/wave15-grupo4/internal/repository/buyer/buyer.go:120.2,120.31 1 0
github.com/luisantonisu/wave15-grupo4/internal/repository/buyer/buyer.go:120.31,122.52 1 0
github.com/luisantonisu/wave15-grupo4/internal/repository/buyer/buyer.go:122.52,124.4 1 0
github.com/luisantonisu/wave15-grupo4/internal/repository/buyer/buyer.go:125.3,125.45 1 0
github.com/luisantonisu/wave15-grupo4/internal/repository/buyer/buyer.go:129.2,132.16 2 0
github.com/luisantonisu/wave15-grupo4/internal/repository/buyer/buyer.go:132.16,134.3 1 0
github.com/luisantonisu/wave15-grupo4/internal/repository/buyer/buyer.go:136.2,136.22 1 0
github.com/luisantonisu/wave15-grupo4/internal/repository/buyer/buyer.go:140.94,147.15 4 0
github.com/luisantonisu/wave15-grupo4/internal/repository/buyer/buyer.go:147.15,149.26 1 0
github.com/luisantonisu/wave15-grupo4/internal/repository/buyer/buyer.go:149.26,151.4 1 0
github.com/luisantonisu/wave15-grupo4/internal/repository/buyer/buyer.go:152.3,153.36 2 0
github.com/luisantonisu/wave15-grupo4/internal/repository/buyer/buyer.go:154.8,156.3 1 0
github.com/luisantonisu/wave15-grupo4/internal/repository/buyer/buyer.go:158.2,158.16 1 0
github.com/luisantonisu/wave15-grupo4/internal/repository/buyer/buyer.go:158.16,160.3 1 0
github.com/luisantonisu/wave15-grupo4/internal/repository/buyer/buyer.go:163.2,164.18 2 0
github.com/luisantonisu/wave15-grupo4/internal/repository/buyer/buyer.go:164.18,167.17 3 0
github.com/luisantonisu/wave15-grupo4/internal/repository/buyer/buyer.go:167.17,169.4 1 0
github.com/luisantonisu/wave15-grupo4/internal/repository/buyer/buyer.go:170.3,170.33 1 0
github.com/luisantonisu/wave15-grupo4/internal/repository/buyer/buyer.go:172.2,172.20 1 0
github.com/luisantonisu/wave15-grupo4/internal/repository/buyer/buyer.go:177.72,180.16 3 0
github.com/luisantonisu/wave15-grupo4/internal/repository/buyer/buyer.go:180.16,182.3 1 0
github.com/luisantonisu/wave15-grupo4/internal/repository/buyer/buyer.go:183.2,183.15 1 0
github.com/luisantonisu/wave15-grupo4/internal/repository/buyer/buyer.go:187.80,190.16 3 0
github.com/luisantonisu/wave15-grupo4/internal/repository/buyer/buyer.go:190.16,192.3 1 0
github.com/luisantonisu/wave15-grupo4/internal/repository/buyer/buyer.go:193.2,193.15 1 0
github.com/luisantonisu/wave15-grupo4/internal/repository/buyer/buyer.go:197.52,200.16 3 0
github.com/luisantonisu/wave15-grupo4/internal/repository/buyer/buyer.go:200.16,202.3 1 0
github.com/luisantonisu/wave15-grupo4/internal/repository/buyer/buyer.go:203.2,203.15 1 0
github.com/luisantonisu/wave15-grupo4/internal/repository/employee/employee.go:10.60,14.2 1 0
github.com/luisantonisu/wave15-grupo4/internal/repository/employee/employee.go:20.58,23.16 3 0
github.com/luisantonisu/wave15-grupo4/internal/repository/employee/employee.go:23.16,25.3 1 0
github.com/luisantonisu/wave15-grupo4/internal/repository/employee/employee.go:26.2,26.15 1 0
github.com/luisantonisu/wave15-grupo4/internal/repository/employee/employee.go:29.80,32.12 3 0
github.com/luisantonisu/wave15-grupo4/internal/repository/employee/employee.go:32.12,34.3 1 0
github.com/luisantonisu/wave15-grupo4/internal/repository/employee/employee.go:34.8,36.3 1 0
github.com/luisantonisu/wave15-grupo4/internal/repository/employee/employee.go:38.2,38.16 1 0
github.com/luisantonisu/wave15-grupo4/internal/repository/employee/employee.go:38.16,40.3 1 0
github.com/luisantonisu/wave15-grupo4/internal/repository/employee/employee.go:41.2,41.15 1 0
github.com/luisantonisu/wave15-grupo4/internal/repository/employee/employee.go:44.71,46.16 2 0
github.com/luisantonisu/wave15-grupo4/internal/repository/employee/employee.go:46.16,48.3 1 0
github.com/luisantonisu/wave15-grupo4/internal/repository/employee/employee.go:50.2,51.18 2 0
github.com/luisantonisu/wave15-grupo4/internal/repository/employee/employee.go:51.18,54.17 3 0
github.com/luisantonisu/wave15-grupo4/internal/repository/employee/employee.go:54.17,56.4 1 0
github.com/luisantonisu/wave15-grupo4/internal/repository/employee/employee.go:57.3,57.36 1 0
github.com/luisantonisu/wave15-grupo4/internal/repository/employee/employee.go:60.2,60.23 1 0
github.com/luisantonisu/wave15-grupo4/internal/repository/employee/employee.go:63.83,66.16 2 0
github.com/luisantonisu/wave15-grupo4/internal/repository/employee/employee.go:66.16,68.3 1 0
github.com/luisantonisu/wave15-grupo4/internal/repository/employee/employee.go:70.2,70.22 1 0
github.com/luisantonisu/wave15-grupo4/internal/repository/employee/employee.go:73.96,75.54 1 0
github.com/luisantonisu/wave15-grupo4/internal/repository/employee/employee.go:75.54,77.3 1 0
github.com/luisantonisu/wave15-grupo4/internal/repository/employee/employee.go:79.2,81.16 2 0
github.com/luisantonisu/wave15-grupo4/internal/repository/employee/employee.go:81.16,83.3 1 0
github.com/luisantonisu/wave15-grupo4/internal/repository/employee/employee.go:85.2,86.16 2 0
github.com/luisantonisu/wave15-grupo4/internal/repository/employee/employee.go:86.16,88.3 1 0
github.com/luisantonisu/wave15-grupo4/internal/repository/employee/employee.go:90.2,94.17 4 0
github.com/luisantonisu/wave15-grupo4/internal/repository/employee/employee.go:97.104,98.27 1 0
github.com/luisantonisu/wave15-grupo4/internal/repository/employee/employee.go:98.27,100.3 1 0
github.com/luisantonisu/wave15-grupo4/internal/repository/employee/employee.go:102.2,102.86 1 0
github.com/luisantonisu/wave15-grupo4/internal/repository/employee/employee.go:102.86,104.3 1 0
github.com/luisantonisu/wave15-grupo4/internal/repository/employee/employee.go:106.2,110.16 3 0
github.com/luisantonisu/wave15-grupo4/internal/repository/employee/employee.go:110.16,112.3 1 0
github.com/luisantonisu/wave15-grupo4/internal/repository/employee/employee.go:114.2,114.31 1 0
github.com/luisantonisu/wave15-grupo4/internal/repository/employee/employee.go:114.31,116.3 1 0
github.com/luisantonisu/wave15-grupo4/internal/repository/employee/employee.go:118.2,118.30 1 0
github.com/luisantonisu/wave15-grupo4/internal/repository/employee/employee.go:118.30,120.3 1 0
github.com/luisantonisu/wave15-grupo4/internal/repository/employee/employee.go:122.2,122.34 1 0
github.com/luisantonisu/wave15-grupo4/internal/repository/employee/employee.go:122.34,124.3 1 0
github.com/luisantonisu/wave15-grupo4/internal/repository/employee/employee.go:126.2,126.33 1 0
github.com/luisantonisu/wave15-grupo4/internal/repository/employee/employee.go:126.33,128.3 1 0
github.com/luisantonisu/wave15-grupo4/internal/repository/employee/employee.go:130.2,132.16 2 0
github.com/luisantonisu/wave15-grupo4/internal/repository/employee/employee.go:132.16,134.3 1 0
github.com/luisantonisu/wave15-grupo4/internal/repository/employee/employee.go:136.2,136.17 1 0
github.com/luisantonisu/wave15-grupo4/internal/repository/employee/employee.go:139.51,140.27 1 0
github.com/luisantonisu/wave15-grupo4/internal/repository/employee/employee.go:140.27,142.3 1 0
github.com/luisantonisu/wave15-grupo4/internal/repository/employee/employee.go:144.2,145.16 2 0
github.com/luisantonisu/wave15-grupo4/internal/repository/employee/employee.go:145.16,147.3 1 0
github.com/luisantonisu/wave15-grupo4/internal/repository/employee/employee.go:149.2,149.12 1 0
github.com/luisantonisu/wave15-grupo4/internal/repository/employee/employee.go:152.88,155.14 3 0
github.com/luisantonisu/wave15-grupo4/internal/repository/employee/employee.go:155.14,157.17 2 0
github.com/luisantonisu/wave15-grupo4/internal/repository/employee/employee.go:157.17,159.4 1 0
github.com/luisantonisu/wave15-grupo4/internal/repository/employee/employee.go:160.8,161.28 1 0
github.com/luisantonisu/wave15-grupo4/internal/repository/employee/employee.go:161.28,163.4 1 0
github.com/luisantonisu/wave15-grupo4/internal/repository/employee/employee.go:165.3,166.17 2 0
github.com/luisantonisu/wave15-grupo4/internal/repository/employee/employee.go:166.17,168.4 1 0
github.com/luisantonisu/wave15-grupo4/internal/repository/employee/employee.go:171.2,172.18 2 0
github.com/luisantonisu/wave15-grupo4/internal/repository/employee/employee.go:172.18,175.17 3 0
github.com/luisantonisu/wave15-grupo4/internal/repository/employee/employee.go:175.17,177.4 1 0
github.com/luisantonisu/wave15-grupo4/internal/repository/employee/employee.go:178.3,178.36 1 0
github.com/luisantonisu/wave15-grupo4/internal/repository/employee/employee.go:181.2,181.23 1 0
github.com/luisantonisu/wave15-grupo4/internal/repository/order_status/order_status.go:10.66,14.2 1 0
github.com/luisantonisu/wave15-grupo4/internal/repository/order_status/order_status.go:21.76,29.16 3 0
github.com/luisantonisu/wave15-grupo4/internal/repository/order_status/order_status.go:29.16,31.3 1 0
github.com/luisantonisu/wave15-grupo4/internal/repository/order_status/order_status.go:32.2,32.25 1 0
github.com/luisantonisu/wave15-grupo4/internal/helper/buyer_mapper.go:8.78,17.2 2 0
github.com/luisantonisu/wave15-grupo4/internal/helper/buyer_mapper.go:19.70,29.2 2 0
github.com/luisantonisu/wave15-grupo4/internal/helper/buyer_mapper.go:31.98,38.2 2 0
github.com/luisantonisu/wave15-grupo4/internal/helper/buyer_mapper.go:49.131,58.2 2 0
github.com/luisantonisu/wave15-grupo4/internal/helper/carry_mapper.go:8.70,20.2 2 0
github.com/luisantonisu/wave15-grupo4/internal/helper/carry_mapper.go:22.78,33.2 2 0
github.com/luisantonisu/wave15-grupo4/internal/helper/employees_mapper.go:8.85,18.2 1 0
github.com/luisantonisu/wave15-grupo4/internal/helper/employees_mapper.go:20.83,29.2 1 0
github.com/luisantonisu/wave15-grupo4/internal/helper/employees_mapper.go:31.85,41.2 1 0
github.com/luisantonisu/wave15-grupo4/internal/helper/employees_mapper.go:43.99,50.2 1 0
github.com/luisantonisu/wave15-grupo4/internal/helper/employees_mapper.go:52.100,61.2 1 0
github.com/luisantonisu/wave15-grupo4/internal/helper/inbound_order_mapper.go:8.105,17.2 1 0
github.com/luisantonisu/wave15-grupo4/internal/helper/inbound_order_mapper.go:19.113,28.2 2 0
github.com/luisantonisu/wave15-grupo4/internal/helper/inbound_order_mapper.go:30.125,39.2 2 0
github.com/luisantonisu/wave15-grupo4/internal/helper/locality_mapper.go:10.86,21.2 2 0
github.com/luisantonisu/wave15-grupo4/internal/helper/locality_mapper.go:23.85,32.2 2 0
github.com/luisantonisu/wave15-grupo4/internal/helper/locality_mapper.go:34.115,42.2 2 0
github.com/luisantonisu/wave15-grupo4/internal/helper/locality_mapper.go:44.109,52.2 2 0
github.com/luisantonisu/wave15-grupo4/internal/helper/product_batch_mapper.go:8.105,22.2 1 0
github.com/luisantonisu/wave15-grupo4/internal/helper/product_batch_mapper.go:24.113,37.2 1 0
github.com/luisantonisu/wave15-grupo4/internal/helper/product_mapper.go:8.80,26.2 2 0
github.com/luisantonisu/wave15-grupo4/internal/helper/product_mapper.go:28.88,43.2 2 0
github.com/luisantonisu/wave15-grupo4/internal/helper/product_mapper.go:45.124,52.2 2 0
github.com/luisantonisu/wave15-grupo4/internal/helper/product_record_mapper.go:8.120,10.32 2 0
github.com/luisantonisu/wave15-grupo4/internal/helper/product_record_mapper.go:10.32,20.3 1 0
github.com/luisantonisu/wave15-grupo4/internal/helper/product_record_mapper.go:21.2,21.13 1 0
github.com/luisantonisu/wave15-grupo4/internal/helper/product_record_mapper.go:24.112,32.2 2 0
github.com/luisantonisu/wave15-grupo4/internal/helper/product_record_mapper.go:34.118,42.2 2 0
github.com/luisantonisu/wave15-grupo4/internal/helper/purchase_order_mapper.go:8.138,19.2 2 0
github.com/luisantonisu/wave15-grupo4/internal/helper/purchase_order_mapper.go:21.110,35.2 2 0
github.com/luisantonisu/wave15-grupo4/internal/helper/section_mapper.go:8.80,24.2 2 0
github.com/luisantonisu/wave15-grupo4/internal/helper/section_mapper.go:26.88,38.2 2 0
github.com/luisantonisu/wave15-grupo4/internal/helper/section_mapper.go:40.104,52.2 2 0
github.com/luisantonisu/wave15-grupo4/internal/helper/section_mapper.go:54.135,61.2 2 0
github.com/luisantonisu/wave15-grupo4/internal/helper/seller_mapper.go:8.75,21.2 2 0
github.com/luisantonisu/wave15-grupo4/internal/helper/seller_mapper.go:23.83,35.2 2 0
github.com/luisantonisu/wave15-grupo4/internal/helper/seller_mapper.go:37.88,46.2 2 0
github.com/luisantonisu/wave15-grupo4/internal/helper/warehouse_mapper.go:8.90,21.2 2 0
github.com/luisantonisu/wave15-grupo4/internal/helper/warehouse_mapper.go:23.98,35.2 2 0
github.com/luisantonisu/wave15-grupo4/internal/repository/product_batch/product_batch.go:10.68,14.2 1 0
github.com/luisantonisu/wave15-grupo4/internal/repository/product_batch/product_batch.go:20.78,23.16 3 0
github.com/luisantonisu/wave15-grupo4/internal/repository/product_batch/product_batch.go:23.16,25.3 1 0
github.com/luisantonisu/wave15-grupo4/internal/repository/product_batch/product_batch.go:26.2,26.15 1 0
github.com/luisantonisu/wave15-grupo4/internal/repository/product_batch/product_batch.go:29.112,30.52 1 0
github.com/luisantonisu/wave15-grupo4/internal/repository/product_batch/product_batch.go:30.52,32.3 1 0
github.com/luisantonisu/wave15-grupo4/internal/repository/product_batch/product_batch.go:34.2,36.16 2 0
github.com/luisantonisu/wave15-grupo4/internal/repository/product_batch/product_batch.go:36.16,38.3 1 0
github.com/luisantonisu/wave15-grupo4/internal/repository/product_batch/product_batch.go:40.2,41.16 2 0
github.com/luisantonisu/wave15-grupo4/internal/repository/product_batch/product_batch.go:41.16,43.3 1 0
github.com/luisantonisu/wave15-grupo4/internal/repository/product_batch/product_batch.go:45.2,49.20 4 0
github.com/luisantonisu/wave15-grupo4/internal/repository/product/product.go:11.58,16.2 2 0
github.com/luisantonisu/wave15-grupo4/internal/repository/product/product.go:22.82,24.16 2 0
github.com/luisantonisu/wave15-grupo4/internal/repository/product/product.go:24.16,26.3 1 0
github.com/luisantonisu/wave15-grupo4/internal/repository/product/product.go:27.2,28.18 2 0
github.com/luisantonisu/wave15-grupo4/internal/repository/product/product.go:28.18,31.17 3 0
github.com/luisantonisu/wave15-grupo4/internal/repository/product/product.go:31.17,33.4 1 0
github.com/luisantonisu/wave15-grupo4/internal/repository/product/product.go:34.3,34.43 1 0
github.com/luisantonisu/wave15-grupo4/internal/repository/product/product.go:36.2,36.8 1 0
github.com/luisantonisu/wave15-grupo4/internal/repository/product/product.go:39.87,42.16 3 0
github.com/luisantonisu/wave15-grupo4/internal/repository/product/product.go:42.16,44.3 1 0
github.com/luisantonisu/wave15-grupo4/internal/repository/product/product.go:45.2,45.21 1 0
github.com/luisantonisu/wave15-grupo4/internal/repository/product/product.go:48.84,50.16 2 0
github.com/luisantonisu/wave15-grupo4/internal/repository/product/product.go:50.16,52.3 1 0
github.com/luisantonisu/wave15-grupo4/internal/repository/product/product.go:53.2,56.18 3 0
github.com/luisantonisu/wave15-grupo4/internal/repository/product/product.go:56.18,60.17 3 0
github.com/luisantonisu/wave15-grupo4/internal/repository/product/product.go:60.17,62.4 1 0
github.com/luisantonisu/wave15-grupo4/internal/repository/product/product.go:63.3,63.57 1 0
github.com/luisantonisu/wave15-grupo4/internal/repository/product/product.go:66.2,66.28 1 0
github.com/luisantonisu/wave15-grupo4/internal/repository/product/product.go:69.92,73.16 4 0
github.com/luisantonisu/wave15-grupo4/internal/repository/product/product.go:73.16,75.3 1 0
github.com/luisantonisu/wave15-grupo4/internal/repository/product/product.go:76.2,76.32 1 0
github.com/luisantonisu/wave15-grupo4/internal/repository/product/product.go:79.72,83.16 4 0
github.com/luisantonisu/wave15-grupo4/internal/repository/product/product.go:83.16,85.3 1 0
github.com/luisantonisu/wave15-grupo4/internal/repository/product/product.go:86.2,86.18 1 0
github.com/luisantonisu/wave15-grupo4/internal/repository/product/product.go:89.119,91.57 1 0
github.com/luisantonisu/wave15-grupo4/internal/repository/product/product.go:91.57,93.3 1 0
github.com/luisantonisu/wave15-grupo4/internal/repository/product/product.go:94.2,96.16 2 0
github.com/luisantonisu/wave15-grupo4/internal/repository/product/product.go:96.16,98.3 1 0
github.com/luisantonisu/wave15-grupo4/internal/repository/product/product.go:100.2,101.16 2 0
github.com/luisantonisu/wave15-grupo4/internal/repository/product/product.go:101.16,103.3 1 0
github.com/luisantonisu/wave15-grupo4/internal/repository/product/product.go:105.2,109.24 4 0
github.com/luisantonisu/wave15-grupo4/internal/repository/product/product.go:112.63,115.16 2 0
github.com/luisantonisu/wave15-grupo4/internal/repository/product/product.go:115.16,117.3 1 0
github.com/luisantonisu/wave15-grupo4/internal/repository/product/product.go:119.2,119.12 1 0
github.com/luisantonisu/wave15-grupo4/internal/repository/product/product.go:119.12,121.3 1 0
github.com/luisantonisu/wave15-grupo4/internal/repository/product/product.go:122.2,123.16 2 0
github.com/luisantonisu/wave15-grupo4/internal/repository/product/product.go:123.16,125.3 1 0
github.com/luisantonisu/wave15-grupo4/internal/repository/product/product.go:126.2,126.12 1 0
github.com/luisantonisu/wave15-grupo4/internal/repository/product/product.go:129.134,132.16 2 0
github.com/luisantonisu/wave15-grupo4/internal/repository/product/product.go:132.16,134.3 1 0
github.com/luisantonisu/wave15-grupo4/internal/repository/product/product.go:135.2,135.12 1 0
github.com/luisantonisu/wave15-grupo4/internal/repository/product/product.go:135.12,137.3 1 0
github.com/luisantonisu/wave15-grupo4/internal/repository/product/product.go:138.2,138.33 1 0
github.com/luisantonisu/wave15-grupo4/internal/repository/product/product.go:138.33,140.3 1 0
github.com/luisantonisu/wave15-grupo4/internal/repository/product/product.go:142.2,142.103 1 0
github.com/luisantonisu/wave15-grupo4/internal/repository/product/product.go:142.103,145.3 1 0
github.com/luisantonisu/wave15-grupo4/internal/repository/product/product.go:147.2,151.16 4 0
github.com/luisantonisu/wave15-grupo4/internal/repository/product/product.go:151.16,153.3 1 0
github.com/luisantonisu/wave15-grupo4/internal/repository/product/product.go:155.2,155.45 1 0
github.com/luisantonisu/wave15-grupo4/internal/repository/product/product.go:155.45,157.3 1 0
github.com/luisantonisu/wave15-grupo4/internal/repository/product/product.go:158.2,158.45 1 0
github.com/luisantonisu/wave15-grupo4/internal/repository/product/product.go:158.45,160.3 1 0
github.com/luisantonisu/wave15-grupo4/internal/repository/product/product.go:161.2,161.39 1 0
github.com/luisantonisu/wave15-grupo4/internal/repository/product/product.go:161.39,163.3 1 0
github.com/luisantonisu/wave15-grupo4/internal/repository/product/product.go:164.2,164.40 1 0
github.com/luisantonisu/wave15-grupo4/internal/repository/product/product.go:164.40,166.3 1 0
github.com/luisantonisu/wave15-grupo4/internal/repository/product/product.go:167.2,167.40 1 0
github.com/luisantonisu/wave15-grupo4/internal/repository/product/product.go:167.40,169.3 1 0
github.com/luisantonisu/wave15-grupo4/internal/repository/product/product.go:170.2,170.43 1 0
github.com/luisantonisu/wave15-grupo4/internal/repository/product/product.go:170.43,172.3 1 0
github.com/luisantonisu/wave15-grupo4/internal/repository/product/product.go:173.2,173.48 1 0
github.com/luisantonisu/wave15-grupo4/internal/repository/product/product.go:173.48,175.3 1 0
github.com/luisantonisu/wave15-grupo4/internal/repository/product/product.go:176.2,176.64 1 0
github.com/luisantonisu/wave15-grupo4/internal/repository/product/product.go:176.64,178.3 1 0
github.com/luisantonisu/wave15-grupo4/internal/repository/product/product.go:179.2,179.46 1 0
github.com/luisantonisu/wave15-grupo4/internal/repository/product/product.go:179.46,181.3 1 0
github.com/luisantonisu/wave15-grupo4/internal/repository/product/product.go:182.2,182.47 1 0
github.com/luisantonisu/wave15-grupo4/internal/repository/product/product.go:182.47,184.3 1 0
github.com/luisantonisu/wave15-grupo4/internal/repository/product/product.go:187.2,188.16 2 0
github.com/luisantonisu/wave15-grupo4/internal/repository/product/product.go:188.16,191.3 2 0
github.com/luisantonisu/wave15-grupo4/internal/repository/product/product.go:192.2,194.21 3 0
github.com/luisantonisu/wave15-grupo4/internal/repository/product/product.go:197.66,201.16 4 0
github.com/luisantonisu/wave15-grupo4/internal/repository/product/product.go:201.16,203.3 1 0
github.com/luisantonisu/wave15-grupo4/internal/repository/product/product.go:204.2,204.19 1 0
github.com/luisantonisu/wave15-grupo4/internal/repository/inbound_order/inbound_order.go:14.77,18.2 1 0
github.com/luisantonisu/wave15-grupo4/internal/repository/inbound_order/inbound_order.go:20.83,23.16 3 0
github.com/luisantonisu/wave15-grupo4/internal/repository/inbound_order/inbound_order.go:23.16,25.3 1 0
github.com/luisantonisu/wave15-grupo4/internal/repository/inbound_order/inbound_order.go:27.2,27.15 1 0
github.com/luisantonisu/wave15-grupo4/internal/repository/inbound_order/inbound_order.go:30.126,31.79 1 0
github.com/luisantonisu/wave15-grupo4/internal/repository/inbound_order/inbound_order.go:31.79,33.3 1 0
github.com/luisantonisu/wave15-grupo4/internal/repository/inbound_order/inbound_order.go:35.2,35.63 1 0
github.com/luisantonisu/wave15-grupo4/internal/repository/inbound_order/inbound_order.go:35.63,37.3 1 0
github.com/luisantonisu/wave15-grupo4/internal/repository/inbound_order/inbound_order.go:39.2,40.16 2 0
github.com/luisantonisu/wave15-grupo4/internal/repository/inbound_order/inbound_order.go:40.16,42.3 1 0
github.com/luisantonisu/wave15-grupo4/internal/repository/inbound_order/inbound_order.go:44.2,45.16 2 0
github.com/luisantonisu/wave15-grupo4/internal/repository/inbound_order/inbound_order.go:45.16,47.3 1 0
github.com/luisantonisu/wave15-grupo4/internal/repository/inbound_order/inbound_order.go:49.2,52.17 4 0
github.com/luisantonisu/wave15-grupo4/internal/repository/product_record/product_record.go:14.77,18.2 1 0
github.com/luisantonisu/wave15-grupo4/internal/repository/product_record/product_record.go:20.106,24.16 2 0
github.com/luisantonisu/wave15-grupo4/internal/repository/product_record/product_record.go:24.16,26.3 1 0
github.com/luisantonisu/wave15-grupo4/internal/repository/product_record/product_record.go:28.2,28.12 1 0
github.com/luisantonisu/wave15-grupo4/internal/repository/province/province.go:9.60,13.2 1 0
github.com/luisantonisu/wave15-grupo4/internal/repository/province/province.go:19.93,22.30 2 0
github.com/luisantonisu/wave15-grupo4/internal/repository/province/province.go:22.30,25.3 1 0
github.com/luisantonisu/wave15-grupo4/internal/repository/province/province.go:28.2,30.16 3 0
github.com/luisantonisu/wave15-grupo4/internal/repository/province/province.go:30.16,32.3 1 0
github.com/luisantonisu/wave15-grupo4/internal/repository/province/province.go:34.2,34.23 1 0
github.com/luisantonisu/wave15-grupo4/internal/repository/province/province.go:37.74,40.16 3 0
github.com/luisantonisu/wave15-grupo4/internal/repository/province/province.go:40.16,42.3 1 0
github.com/luisantonisu/wave15-grupo4/internal/repository/province/province.go:44.2,44.14 1 0
github.com/luisantonisu/wave15-grupo4/internal/repository/purchase_order/purchase_order.go:14.77,18.2 1 0
github.com/luisantonisu/wave15-grupo4/internal/repository/purchase_order/purchase_order.go:21.116,23.53 1 0
github.com/luisantonisu/wave15-grupo4/internal/repository/purchase_order/purchase_order.go:23.53,25.3 1 0
github.com/luisantonisu/wave15-grupo4/internal/repository/purchase_order/purchase_order.go:28.2,32.16 2 0
github.com/luisantonisu/wave15-grupo4/internal/repository/purchase_order/purchase_order.go:32.16,34.3 1 0
github.com/luisantonisu/wave15-grupo4/internal/repository/purchase_order/purchase_order.go:35.2,36.16 2 0
github.com/luisantonisu/wave15-grupo4/internal/repository/purchase_order/purchase_order.go:36.16,38.3 1 0
github.com/luisantonisu/wave15-grupo4/internal/repository/purchase_order/purchase_order.go:41.2,45.30 4 0
github.com/luisantonisu/wave15-grupo4/internal/repository/purchase_order/purchase_order.go:49.78,52.16 3 0
github.com/luisantonisu/wave15-grupo4/internal/repository/purchase_order/purchase_order.go:52.16,54.3 1 0
github.com/luisantonisu/wave15-grupo4/internal/repository/purchase_order/purchase_order.go:55.2,55.15 1 0
github.com/luisantonisu/wave15-grupo4/internal/repository/section/section.go:10.58,14.2 1 0
github.com/luisantonisu/wave15-grupo4/internal/repository/section/section.go:20.56,23.16 3 0
github.com/luisantonisu/wave15-grupo4/internal/repository/section/section.go:23.16,25.3 1 0
github.com/luisantonisu/wave15-grupo4/internal/repository/section/section.go:26.2,26.15 1 0
github.com/luisantonisu/wave15-grupo4/internal/repository/section/section.go:29.75,32.16 3 0
github.com/luisantonisu/wave15-grupo4/internal/repository/section/section.go:32.16,34.3 1 0
github.com/luisantonisu/wave15-grupo4/internal/repository/section/section.go:35.2,35.15 1 0
github.com/luisantonisu/wave15-grupo4/internal/repository/section/section.go:38.63,40.16 2 0
github.com/luisantonisu/wave15-grupo4/internal/repository/section/section.go:40.16,42.3 1 0
github.com/luisantonisu/wave15-grupo4/internal/repository/section/section.go:43.2,46.18 3 0
github.com/luisantonisu/wave15-grupo4/internal/repository/section/section.go:46.18,49.17 3 0
github.com/luisantonisu/wave15-grupo4/internal/repository/section/section.go:49.17,51.4 1 0
github.com/luisantonisu/wave15-grupo4/internal/repository/section/section.go:52.3,52.39 1 0
github.com/luisantonisu/wave15-grupo4/internal/repository/section/section.go:54.2,54.22 1 0
github.com/luisantonisu/wave15-grupo4/internal/repository/section/section.go:57.80,60.16 2 0
github.com/luisantonisu/wave15-grupo4/internal/repository/section/section.go:60.16,62.3 1 0
github.com/luisantonisu/wave15-grupo4/internal/repository/section/section.go:63.2,63.21 1 0
github.com/luisantonisu/wave15-grupo4/internal/repository/section/section.go:66.92,67.50 1 0
github.com/luisantonisu/wave15-grupo4/internal/repository/section/section.go:67.50,69.3 1 0
github.com/luisantonisu/wave15-grupo4/internal/repository/section/section.go:71.2,73.16 2 0
github.com/luisantonisu/wave15-grupo4/internal/repository/section/section.go:73.16,75.3 1 0
github.com/luisantonisu/wave15-grupo4/internal/repository/section/section.go:77.2,78.16 2 0
github.com/luisantonisu/wave15-grupo4/internal/repository/section/section.go:78.16,80.3 1 0
github.com/luisantonisu/wave15-grupo4/internal/repository/section/section.go:82.2,86.18 4 0
github.com/luisantonisu/wave15-grupo4/internal/repository/section/section.go:89.99,90.26 1 0
github.com/luisantonisu/wave15-grupo4/internal/repository/section/section.go:90.26,92.3 1 0
github.com/luisantonisu/wave15-grupo4/internal/repository/section/section.go:98.2,102.16 3 0
github.com/luisantonisu/wave15-grupo4/internal/repository/section/section.go:102.16,104.3 1 0
github.com/luisantonisu/wave15-grupo4/internal/repository/section/section.go:106.2,106.34 1 0
github.com/luisantonisu/wave15-grupo4/internal/repository/section/section.go:106.34,108.3 1 0
github.com/luisantonisu/wave15-grupo4/internal/repository/section/section.go:109.2,109.39 1 0
github.com/luisantonisu/wave15-grupo4/internal/repository/section/section.go:109.39,111.3 1 0
github.com/luisantonisu/wave15-grupo4/internal/repository/section/section.go:112.2,112.39 1 0
github.com/luisantonisu/wave15-grupo4/internal/repository/section/section.go:112.39,114.3 1 0
github.com/luisantonisu/wave15-grupo4/internal/repository/section/section.go:115.2,115.36 1 0
github.com/luisantonisu/wave15-grupo4/internal/repository/section/section.go:115.36,117.3 1 0
github.com/luisantonisu/wave15-grupo4/internal/repository/section/section.go:118.2,118.36 1 0
github.com/luisantonisu/wave15-grupo4/internal/repository/section/section.go:118.36,120.3 1 0
github.com/luisantonisu/wave15-grupo4/internal/repository/section/section.go:121.2,121.36 1 0
github.com/luisantonisu/wave15-grupo4/internal/repository/section/section.go:121.36,123.3 1 0
github.com/luisantonisu/wave15-grupo4/internal/repository/section/section.go:124.2,124.32 1 0
github.com/luisantonisu/wave15-grupo4/internal/repository/section/section.go:124.32,126.3 1 0
github.com/luisantonisu/wave15-grupo4/internal/repository/section/section.go:127.2,127.34 1 0
github.com/luisantonisu/wave15-grupo4/internal/repository/section/section.go:127.34,129.3 1 0
github.com/luisantonisu/wave15-grupo4/internal/repository/section/section.go:131.2,134.16 2 0
github.com/luisantonisu/wave15-grupo4/internal/repository/section/section.go:134.16,136.3 1 0
github.com/luisantonisu/wave15-grupo4/internal/repository/section/section.go:138.2,138.17 1 0
github.com/luisantonisu/wave15-grupo4/internal/repository/section/section.go:141.50,142.26 1 0
github.com/luisantonisu/wave15-grupo4/internal/repository/section/section.go:142.26,144.3 1 0
github.com/luisantonisu/wave15-grupo4/internal/repository/section/section.go:146.2,147.16 2 0
github.com/luisantonisu/wave15-grupo4/internal/repository/section/section.go:147.16,149.3 1 0
github.com/luisantonisu/wave15-grupo4/internal/repository/section/section.go:151.2,151.12 1 0
github.com/luisantonisu/wave15-grupo4/internal/repository/section/section.go:154.84,161.15 4 0
github.com/luisantonisu/wave15-grupo4/internal/repository/section/section.go:161.15,162.28 1 0
github.com/luisantonisu/wave15-grupo4/internal/repository/section/section.go:162.28,164.4 1 0
github.com/luisantonisu/wave15-grupo4/internal/repository/section/section.go:165.3,166.36 2 0
github.com/luisantonisu/wave15-grupo4/internal/repository/section/section.go:167.8,170.3 2 0
github.com/luisantonisu/wave15-grupo4/internal/repository/section/section.go:172.2,172.16 1 0
github.com/luisantonisu/wave15-grupo4/internal/repository/section/section.go:172.16,174.3 1 0
github.com/luisantonisu/wave15-grupo4/internal/repository/section/section.go:176.2,177.18 2 0
github.com/luisantonisu/wave15-grupo4/internal/repository/section/section.go:177.18,180.17 3 0
github.com/luisantonisu/wave15-grupo4/internal/repository/section/section.go:180.17,182.4 1 0
github.com/luisantonisu/wave15-grupo4/internal/repository/section/section.go:183.3,183.58 1 0
github.com/luisantonisu/wave15-grupo4/internal/repository/section/section.go:185.2,185.29 1 0
github.com/luisantonisu/wave15-grupo4/internal/service/buyer/buyer.go:8.63,10.2 1 0
github.com/luisantonisu/wave15-grupo4/internal/service/buyer/buyer.go:17.81,19.16 2 0
github.com/luisantonisu/wave15-grupo4/internal/service/buyer/buyer.go:19.16,21.3 1 0
github.com/luisantonisu/wave15-grupo4/internal/service/buyer/buyer.go:22.2,22.22 1 0
github.com/luisantonisu/wave15-grupo4/internal/service/buyer/buyer.go:26.56,28.16 2 0
github.com/luisantonisu/wave15-grupo4/internal/service/buyer/buyer.go:28.16,30.3 1 0
github.com/luisantonisu/wave15-grupo4/internal/service/buyer/buyer.go:31.2,31.23 1 0
github.com/luisantonisu/wave15-grupo4/internal/service/buyer/buyer.go:35.61,37.16 2 0
github.com/luisantonisu/wave15-grupo4/internal/service/buyer/buyer.go:37.16,39.3 1 0
github.com/luisantonisu/wave15-grupo4/internal/service/buyer/buyer.go:40.2,40.19 1 0
github.com/luisantonisu/wave15-grupo4/internal/service/buyer/buyer.go:44.45,46.16 2 0
github.com/luisantonisu/wave15-grupo4/internal/service/buyer/buyer.go:46.16,48.3 1 0
github.com/luisantonisu/wave15-grupo4/internal/service/buyer/buyer.go:49.2,49.12 1 0
github.com/luisantonisu/wave15-grupo4/internal/service/buyer/buyer.go:53.89,55.16 2 0
github.com/luisantonisu/wave15-grupo4/internal/service/buyer/buyer.go:55.16,57.3 1 0
github.com/luisantonisu/wave15-grupo4/internal/service/buyer/buyer.go:58.2,58.26 1 0
github.com/luisantonisu/wave15-grupo4/internal/service/buyer/buyer.go:62.91,64.16 2 0
github.com/luisantonisu/wave15-grupo4/internal/service/buyer/buyer.go:64.16,66.3 1 0
github.com/luisantonisu/wave15-grupo4/internal/service/buyer/buyer.go:67.2,67.20 1 0
github.com/luisantonisu/wave15-grupo4/internal/repository/seller/seller.go:10.56,13.2 1 0
github.com/luisantonisu/wave15-grupo4/internal/repository/seller/seller.go:19.61,21.16 2 0
github.com/luisantonisu/wave15-grupo4/internal/repository/seller/seller.go:21.16,23.3 1 0
github.com/luisantonisu/wave15-grupo4/internal/repository/seller/seller.go:25.2,26.18 2 0
github.com/luisantonisu/wave15-grupo4/internal/repository/seller/seller.go:26.18,29.17 3 0
github.com/luisantonisu/wave15-grupo4/internal/repository/seller/seller.go:29.17,31.4 1 0
github.com/luisantonisu/wave15-grupo4/internal/repository/seller/seller.go:33.3,33.44 1 0
github.com/luisantonisu/wave15-grupo4/internal/repository/seller/seller.go:36.2,36.25 1 0
github.com/luisantonisu/wave15-grupo4/internal/repository/seller/seller.go:39.66,43.16 3 0
github.com/luisantonisu/wave15-grupo4/internal/repository/seller/seller.go:43.16,45.3 1 0
github.com/luisantonisu/wave15-grupo4/internal/repository/seller/seller.go:47.2,47.20 1 0
github.com/luisantonisu/wave15-grupo4/internal/repository/seller/seller.go:50.88,53.23 2 0
github.com/luisantonisu/wave15-grupo4/internal/repository/seller/seller.go:53.23,55.3 1 0
github.com/luisantonisu/wave15-grupo4/internal/repository/seller/seller.go:57.2,59.16 2 0
github.com/luisantonisu/wave15-grupo4/internal/repository/seller/seller.go:59.16,61.3 1 0
github.com/luisantonisu/wave15-grupo4/internal/repository/seller/seller.go:63.2,64.16 2 0
github.com/luisantonisu/wave15-grupo4/internal/repository/seller/seller.go:64.16,66.3 1 0
github.com/luisantonisu/wave15-grupo4/internal/repository/seller/seller.go:68.2,73.23 4 0
github.com/luisantonisu/wave15-grupo4/internal/repository/seller/seller.go:76.96,81.16 3 0
github.com/luisantonisu/wave15-grupo4/internal/repository/seller/seller.go:81.16,83.3 1 0
github.com/luisantonisu/wave15-grupo4/internal/repository/seller/seller.go:85.2,85.29 1 0
github.com/luisantonisu/wave15-grupo4/internal/repository/seller/seller.go:85.29,87.55 1 0
github.com/luisantonisu/wave15-grupo4/internal/repository/seller/seller.go:87.55,89.4 1 0
github.com/luisantonisu/wave15-grupo4/internal/repository/seller/seller.go:91.3,91.44 1 0
github.com/luisantonisu/wave15-grupo4/internal/repository/seller/seller.go:94.2,94.31 1 0
github.com/luisantonisu/wave15-grupo4/internal/repository/seller/seller.go:94.31,96.3 1 0
github.com/luisantonisu/wave15-grupo4/internal/repository/seller/seller.go:98.2,98.27 1 0
github.com/luisantonisu/wave15-grupo4/internal/repository/seller/seller.go:98.27,100.3 1 0
github.com/luisantonisu/wave15-grupo4/internal/repository/seller/seller.go:102.2,102.29 1 0
github.com/luisantonisu/wave15-grupo4/internal/repository/seller/seller.go:102.29,104.3 1 0
github.com/luisantonisu/wave15-grupo4/internal/repository/seller/seller.go:106.2,106.30 1 0
github.com/luisantonisu/wave15-grupo4/internal/repository/seller/seller.go:106.30,108.3 1 0
github.com/luisantonisu/wave15-grupo4/internal/repository/seller/seller.go:110.2,112.16 2 0
github.com/luisantonisu/wave15-grupo4/internal/repository/seller/seller.go:112.16,114.3 1 0
github.com/luisantonisu/wave15-grupo4/internal/repository/seller/seller.go:116.2,116.26 1 0
github.com/luisantonisu/wave15-grupo4/internal/repository/seller/seller.go:120.49,121.24 1 0
github.com/luisantonisu/wave15-grupo4/internal/repository/seller/seller.go:121.24,123.3 1 0
github.com/luisantonisu/wave15-grupo4/internal/repository/seller/seller.go:125.2,126.16 2 0
github.com/luisantonisu/wave15-grupo4/internal/repository/seller/seller.go:126.16,128.3 1 0
github.com/luisantonisu/wave15-grupo4/internal/repository/seller/seller.go:130.2,130.12 1 0
github.com/luisantonisu/wave15-grupo4/internal/repository/seller/seller.go:133.66,136.16 3 0
github.com/luisantonisu/wave15-grupo4/internal/repository/seller/seller.go:136.16,138.3 1 0
github.com/luisantonisu/wave15-grupo4/internal/repository/seller/seller.go:140.2,140.14 1 0
github.com/luisantonisu/wave15-grupo4/internal/repository/seller/seller.go:144.53,147.16 3 0
github.com/luisantonisu/wave15-grupo4/internal/repository/seller/seller.go:147.16,149.3 1 0
github.com/luisantonisu/wave15-grupo4/internal/repository/seller/seller.go:151.2,151.14 1 0
github.com/luisantonisu/wave15-grupo4/internal/repository/seller/seller.go:154.83,158.16 3 0
github.com/luisantonisu/wave15-grupo4/internal/repository/seller/seller.go:158.16,160.3 1 0
github.com/luisantonisu/wave15-grupo4/internal/repository/seller/seller.go:162.2,162.14 1 0
github.com/luisantonisu/wave15-grupo4/internal/service/employee/employee.go:10.127,15.2 1 0
github.com/luisantonisu/wave15-grupo4/internal/service/employee/employee.go:22.68,24.2 1 0
github.com/luisantonisu/wave15-grupo4/internal/service/employee/employee.go:26.67,28.2 1 0
github.com/luisantonisu/wave15-grupo4/internal/service/employee/employee.go:30.83,31.179 1 0
github.com/luisantonisu/wave15-grupo4/internal/service/employee/employee.go:31.179,33.3 1 0
github.com/luisantonisu/wave15-grupo4/internal/service/employee/employee.go:35.2,36.16 2 0
github.com/luisantonisu/wave15-grupo4/internal/service/employee/employee.go:36.16,38.3 1 0
github.com/luisantonisu/wave15-grupo4/internal/service/employee/employee.go:40.2,40.57 1 0
github.com/luisantonisu/wave15-grupo4/internal/service/employee/employee.go:43.101,44.33 1 0
github.com/luisantonisu/wave15-grupo4/internal/service/employee/employee.go:44.33,46.17 2 0
github.com/luisantonisu/wave15-grupo4/internal/service/employee/employee.go:46.17,48.4 1 0
github.com/luisantonisu/wave15-grupo4/internal/service/employee/employee.go:51.2,51.42 1 0
github.com/luisantonisu/wave15-grupo4/internal/service/employee/employee.go:54.48,56.2 1 0
github.com/luisantonisu/wave15-grupo4/internal/service/employee/employee.go:58.85,60.2 1 0
github.com/luisantonisu/wave15-grupo4/internal/repository/warehouse/warehouse.go:10.62,14.2 1 0
github.com/luisantonisu/wave15-grupo4/internal/repository/warehouse/warehouse.go:20.67,28.16 2 0
github.com/luisantonisu/wave15-grupo4/internal/repository/warehouse/warehouse.go:28.16,30.3 1 0
github.com/luisantonisu/wave15-grupo4/internal/repository/warehouse/warehouse.go:31.2,34.18 3 0
github.com/luisantonisu/wave15-grupo4/internal/repository/warehouse/warehouse.go:34.18,43.17 3 0
github.com/luisantonisu/wave15-grupo4/internal/repository/warehouse/warehouse.go:43.17,45.4 1 0
github.com/luisantonisu/wave15-grupo4/internal/repository/warehouse/warehouse.go:46.3,46.45 1 0
github.com/luisantonisu/wave15-grupo4/internal/repository/warehouse/warehouse.go:48.2,48.24 1 0
github.com/luisantonisu/wave15-grupo4/internal/repository/warehouse/warehouse.go:51.72,69.16 3 0
github.com/luisantonisu/wave15-grupo4/internal/repository/warehouse/warehouse.go:69.16,70.27 1 0
github.com/luisantonisu/wave15-grupo4/internal/repository/warehouse/warehouse.go:70.27,72.4 1 0
github.com/luisantonisu/wave15-grupo4/internal/repository/warehouse/warehouse.go:73.3,73.63 1 0
github.com/luisantonisu/wave15-grupo4/internal/repository/warehouse/warehouse.go:76.2,76.23 1 0
github.com/luisantonisu/wave15-grupo4/internal/repository/warehouse/warehouse.go:79.79,97.16 3 0
github.com/luisantonisu/wave15-grupo4/internal/repository/warehouse/warehouse.go:97.16,98.27 1 0
github.com/luisantonisu/wave15-grupo4/internal/repository/warehouse/warehouse.go:98.27,100.4 1 0
github.com/luisantonisu/wave15-grupo4/internal/repository/warehouse/warehouse.go:101.3,101.63 1 0
github.com/luisantonisu/wave15-grupo4/internal/repository/warehouse/warehouse.go:104.2,104.23 1 0
github.com/luisantonisu/wave15-grupo4/internal/repository/warehouse/warehouse.go:107.90,111.16 2 0
github.com/luisantonisu/wave15-grupo4/internal/repository/warehouse/warehouse.go:111.16,113.3 1 0
github.com/luisantonisu/wave15-grupo4/internal/repository/warehouse/warehouse.go:115.2,116.16 2 0
github.com/luisantonisu/wave15-grupo4/internal/repository/warehouse/warehouse.go:116.16,118.3 1 0
github.com/luisantonisu/wave15-grupo4/internal/repository/warehouse/warehouse.go:120.2,123.8 1 0
github.com/luisantonisu/wave15-grupo4/internal/repository/warehouse/warehouse.go:126.98,131.16 2 0
github.com/luisantonisu/wave15-grupo4/internal/repository/warehouse/warehouse.go:131.16,133.3 1 0
github.com/luisantonisu/wave15-grupo4/internal/repository/warehouse/warehouse.go:135.2,135.23 1 0
github.com/luisantonisu/wave15-grupo4/internal/repository/warehouse/warehouse.go:138.52,140.16 2 0
github.com/luisantonisu/wave15-grupo4/internal/repository/warehouse/warehouse.go:140.16,142.3 1 0
github.com/luisantonisu/wave15-grupo4/internal/repository/warehouse/warehouse.go:144.2,144.12 1 0
github.com/luisantonisu/wave15-grupo4/internal/service/carry/carry.go:17.104,22.2 1 0
github.com/luisantonisu/wave15-grupo4/internal/service/carry/carry.go:29.71,30.50 1 0
github.com/luisantonisu/wave15-grupo4/internal/service/carry/carry.go:30.50,32.3 1 0
github.com/luisantonisu/wave15-grupo4/internal/service/carry/carry.go:34.2,35.31 2 0
github.com/luisantonisu/wave15-grupo4/internal/service/carry/carry.go:35.31,37.3 1 0
[...]
github.com/luisantonisu/wave15-grupo4/internal/helper/locality_mapper.go:23.85,32.2 2 0
github.com/luisantonisu/wave15-grupo4/internal/helper/locality_mapper.go:34.115,42.2 2 0
github.com/luisantonisu/wave15-grupo4/internal/helper/locality_mapper.go:44.109,52.2 2 0
github.com/luisantonisu/wave15-grupo4/internal/helper/product_batch_mapper.go:8.105,22.2 1 0
github.com/luisantonisu/wave15-grupo4/internal/helper/product_batch_mapper.go:24.113,37.2 1 0
github.com/luisantonisu/wave15-grupo4/internal/helper/product_mapper.go:8.80,26.2 2 1
github.com/luisantonisu/wave15-grupo4/internal/helper/product_mapper.go:28.88,43.2 2 1
github.com/luisantonisu/wave15-grupo4/internal/helper/product_mapper.go:45.124,52.2 2 1
github.com/luisantonisu/wave15-grupo4/internal/helper/product_record_mapper.go:8.120,10.32 2 0
github.com/luisantonisu/wave15-grupo4/internal/helper/product_record_mapper.go:10.32,20.3 1 0
github.com/luisantonisu/wave15-grupo4/internal/helper/product_record_mapper.go:21.2,21.13 1 0
github.com/luisantonisu/wave15-grupo4/internal/helper/product_record_mapper.go:24.112,32.2 2 0
github.com/luisantonisu/wave15-grupo4/internal/helper/product_record_mapper.go:34.118,42.2 2 0
github.com/luisantonisu/wave15-grupo4/internal/helper/purchase_order_mapper.go:8.138,19.2 2 0
github.com/luisantonisu/wave15-grupo4/internal/helper/purchase_order_mapper.go:21.110,35.2 2 0
github.com/luisantonisu/wave15-grupo4/internal/helper/section_mapper.go:8.80,24.2 2 0
github.com/luisantonisu/wave15-grupo4/internal/helper/section_mapper.go:26.88,38.2 2 0
github.com/luisantonisu/wave15-grupo4/internal/helper/section_mapper.go:40.104,52.2 2 0
github.com/luisantonisu/wave15-grupo4/internal/helper/section_mapper.go:54.135,61.2 2 0
github.com/luisantonisu/wave15-grupo4/internal/helper/seller_mapper.go:8.75,21.2 2 0
github.com/luisantonisu/wave15-grupo4/internal/helper/seller_mapper.go:23.83,35.2 2 0
github.com/luisantonisu/wave15-grupo4/internal/helper/seller_mapper.go:37.88,46.2 2 0
github.com/luisantonisu/wave15-grupo4/internal/helper/warehouse_mapper.go:8.90,21.2 2 0
github.com/luisantonisu/wave15-grupo4/internal/helper/warehouse_mapper.go:23.98,35.2 2 0
github.com/luisantonisu/wave15-grupo4/internal/repository/product/product.go:11.58,16.2 2 0
github.com/luisantonisu/wave15-grupo4/internal/repository/product/product.go:22.82,24.16 2 0
github.com/luisantonisu/wave15-grupo4/internal/repository/product/product.go:24.16,26.3 1 0
github.com/luisantonisu/wave15-grupo4/internal/repository/product/product.go:27.2,28.18 2 0
github.com/luisantonisu/wave15-grupo4/internal/repository/product/product.go:28.18,31.17 3 0
github.com/luisantonisu/wave15-grupo4/internal/repository/product/product.go:31.17,33.4 1 0
github.com/luisantonisu/wave15-grupo4/internal/repository/product/product.go:34.3,34.43 1 0
github.com/luisantonisu/wave15-grupo4/internal/repository/product/product.go:36.2,36.8 1 0
github.com/luisantonisu/wave15-grupo4/internal/repository/product/product.go:39.87,42.16 3 0
github.com/luisantonisu/wave15-grupo4/internal/repository/product/product.go:42.16,44.3 1 0
github.com/luisantonisu/wave15-grupo4/internal/repository/product/product.go:45.2,45.21 1 0
github.com/luisantonisu/wave15-grupo4/internal/repository/product/product.go:48.84,50.16 2 0
github.com/luisantonisu/wave15-grupo4/internal/repository/product/product.go:50.16,52.3 1 0
github.com/luisantonisu/wave15-grupo4/internal/repository/product/product.go:53.2,56.18 3 0
github.com/luisantonisu/wave15-grupo4/internal/repository/product/product.go:56.18,60.17 3 0
github.com/luisantonisu/wave15-grupo4/internal/repository/product/product.go:60.17,62.4 1 0
github.com/luisantonisu/wave15-grupo4/internal/repository/product/product.go:63.3,63.57 1 0
github.com/luisantonisu/wave15-grupo4/internal/repository/product/product.go:66.2,66.28 1 0
github.com/luisantonisu/wave15-grupo4/internal/repository/product/product.go:69.92,73.16 4 0
github.com/luisantonisu/wave15-grupo4/internal/repository/product/product.go:73.16,75.3 1 0
github.com/luisantonisu/wave15-grupo4/internal/repository/product/product.go:76.2,76.32 1 0
github.com/luisantonisu/wave15-grupo4/internal/repository/product/product.go:79.72,83.16 4 0
github.com/luisantonisu/wave15-grupo4/internal/repository/product/product.go:83.16,85.3 1 0
github.com/luisantonisu/wave15-grupo4/internal/repository/product/product.go:86.2,86.18 1 0
github.com/luisantonisu/wave15-grupo4/internal/repository/product/product.go:89.119,91.57 1 0
github.com/luisantonisu/wave15-grupo4/internal/repository/product/product.go:91.57,93.3 1 0
github.com/luisantonisu/wave15-grupo4/internal/repository/product/product.go:94.2,96.16 2 0
github.com/luisantonisu/wave15-grupo4/internal/repository/product/product.go:96.16,98.3 1 0
github.com/luisantonisu/wave15-grupo4/internal/repository/product/product.go:100.2,101.16 2 0
github.com/luisantonisu/wave15-grupo4/internal/repository/product/product.go:101.16,103.3 1 0
github.com/luisantonisu/wave15-grupo4/internal/repository/product/product.go:105.2,109.24 4 0
github.com/luisantonisu/wave15-grupo4/internal/repository/product/product.go:112.63,115.16 2 0
github.com/luisantonisu/wave15-grupo4/internal/repository/product/product.go:115.16,117.3 1 0
github.com/luisantonisu/wave15-grupo4/internal/repository/product/product.go:119.2,119.12 1 0
github.com/luisantonisu/wave15-grupo4/internal/repository/product/product.go:119.12,121.3 1 0
github.com/luisantonisu/wave15-grupo4/internal/repository/product/product.go:122.2,123.16 2 0
github.com/luisantonisu/wave15-grupo4/internal/repository/product/product.go:123.16,125.3 1 0
github.com/luisantonisu/wave15-grupo4/internal/repository/product/product.go:126.2,126.12 1 0
github.com/luisantonisu/wave15-grupo4/internal/repository/product/product.go:129.134,132.16 2 0
github.com/luisantonisu/wave15-grupo4/internal/repository/product/product.go:132.16,134.3 1 0
github.com/luisantonisu/wave15-grupo4/internal/repository/product/product.go:135.2,135.12 1 0
github.com/luisantonisu/wave15-grupo4/internal/repository/product/product.go:135.12,137.3 1 0
github.com/luisantonisu/wave15-grupo4/internal/repository/product/product.go:138.2,138.33 1 0
github.com/luisantonisu/wave15-grupo4/internal/repository/product/product.go:138.33,140.3 1 0
github.com/luisantonisu/wave15-grupo4/internal/repository/product/product.go:142.2,142.103 1 0
github.com/luisantonisu/wave15-grupo4/internal/repository/product/product.go:142.103,145.3 1 0
github.com/luisantonisu/wave15-grupo4/internal/repository/product/product.go:147.2,151.16 4 0
github.com/luisantonisu/wave15-grupo4/internal/repository/product/product.go:151.16,153.3 1 0
github.com/luisantonisu/wave15-grupo4/internal/repository/product/product.go:155.2,155.45 1 0
github.com/luisantonisu/wave15-grupo4/internal/repository/product/product.go:155.45,157.3 1 0
github.com/luisantonisu/wave15-grupo4/internal/repository/product/product.go:158.2,158.45 1 0
github.com/luisantonisu/wave15-grupo4/internal/repository/product/product.go:158.45,160.3 1 0
github.com/luisantonisu/wave15-grupo4/internal/repository/product/product.go:161.2,161.39 1 0
github.com/luisantonisu/wave15-grupo4/internal/repository/product/product.go:161.39,163.3 1 0
github.com/luisantonisu/wave15-grupo4/internal/repository/product/product.go:164.2,164.40 1 0
github.com/luisantonisu/wave15-grupo4/internal/repository/product/product.go:164.40,166.3 1 0
github.com/luisantonisu/wave15-grupo4/internal/repository/product/product.go:167.2,167.40 1 0
github.com/luisantonisu/wave15-grupo4/internal/repository/product/product.go:167.40,169.3 1 0
github.com/luisantonisu/wave15-grupo4/internal/repository/product/product.go:170.2,170.43 1 0
github.com/luisantonisu/wave15-grupo4/internal/repository/product/product.go:170.43,172.3 1 0
github.com/luisantonisu/wave15-grupo4/internal/repository/product/product.go:173.2,173.48 1 0
github.com/luisantonisu/wave15-grupo4/internal/repository/product/product.go:173.48,175.3 1 0
github.com/luisantonisu/wave15-grupo4/internal/repository/product/product.go:176.2,176.64 1 0
github.com/luisantonisu/wave15-grupo4/internal/repository/product/product.go:176.64,178.3 1 0
github.com/luisantonisu/wave15-grupo4/internal/repository/product/product.go:179.2,179.46 1 0
github.com/luisantonisu/wave15-grupo4/internal/repository/product/product.go:179.46,181.3 1 0
github.com/luisantonisu/wave15-grupo4/internal/repository/product/product.go:182.2,182.47 1 0
github.com/luisantonisu/wave15-grupo4/internal/repository/product/product.go:182.47,184.3 1 0
github.com/luisantonisu/wave15-grupo4/internal/repository/product/product.go:187.2,188.16 2 0
github.com/luisantonisu/wave15-grupo4/internal/repository/product/product.go:188.16,191.3 2 0
github.com/luisantonisu/wave15-grupo4/internal/repository/product/product.go:192.2,194.21 3 0
github.com/luisantonisu/wave15-grupo4/internal/repository/product/product.go:197.66,201.16 4 0
github.com/luisantonisu/wave15-grupo4/internal/repository/product/product.go:201.16,203.3 1 0
github.com/luisantonisu/wave15-grupo4/internal/repository/product/product.go:204.2,204.19 1 0
github.com/luisantonisu/wave15-grupo4/pkg/error_handler/my_error.go:51.42,53.2 1 1
github.com/luisantonisu/wave15-grupo4/pkg/error_handler/my_error.go:55.47,57.2 1 0
github.com/luisantonisu/wave15-grupo4/pkg/error_handler/my_error.go:59.45,61.2 1 1
github.com/luisantonisu/wave15-grupo4/pkg/error_handler/my_error.go:63.44,65.2 1 0
github.com/luisantonisu/wave15-grupo4/pkg/error_handler/my_error.go:67.45,69.2 1 0
github.com/luisantonisu/wave15-grupo4/pkg/error_handler/my_error.go:71.45,73.2 1 0
github.com/luisantonisu/wave15-grupo4/pkg/error_handler/my_error.go:75.42,77.2 1 0
github.com/luisantonisu/wave15-grupo4/pkg/error_handler/my_error.go:79.71,81.2 1 0
github.com/luisantonisu/wave15-grupo4/pkg/error_handler/my_error.go:83.43,84.33 1 1
github.com/luisantonisu/wave15-grupo4/pkg/error_handler/my_error.go:84.33,86.3 1 1
github.com/luisantonisu/wave15-grupo4/pkg/error_handler/my_error.go:88.2,88.38 1 1
github.com/luisantonisu/wave15-grupo4/pkg/error_handler/my_error.go:88.38,90.3 1 0
github.com/luisantonisu/wave15-grupo4/pkg/error_handler/my_error.go:92.2,92.36 1 1
github.com/luisantonisu/wave15-grupo4/pkg/error_handler/my_error.go:92.36,94.3 1 1
github.com/luisantonisu/wave15-grupo4/pkg/error_handler/my_error.go:96.2,96.35 1 0
github.com/luisantonisu/wave15-grupo4/pkg/error_handler/my_error.go:96.35,98.3 1 0
github.com/luisantonisu/wave15-grupo4/pkg/error_handler/my_error.go:100.2,100.52 1 0
github.com/luisantonisu/wave15-grupo4/internal/repository/product/product.go:11.58,16.2 2 0
github.com/luisantonisu/wave15-grupo4/internal/repository/product/product.go:22.82,24.16 2 0
github.com/luisantonisu/wave15-grupo4/internal/repository/product/product.go:24.16,26.3 1 0
github.com/luisantonisu/wave15-grupo4/internal/repository/product/product.go:27.2,28.18 2 0
github.com/luisantonisu/wave15-grupo4/internal/repository/product/product.go:28.18,31.17 3 0
github.com/luisantonisu/wave15-grupo4/internal/repository/product/product.go:31.17,33.4 1 0
github.com/luisantonisu/wave15-grupo4/internal/repository/product/product.go:34.3,34.43 1 0
github.com/luisantonisu/wave15-grupo4/internal/repository/product/product.go:36.2,36.8 1 0
github.com/luisantonisu/wave15-grupo4/internal/repository/product/product.go:39.87,42.16 3 0
github.com/luisantonisu/wave15-grupo4/internal/repository/product/product.go:42.16,44.3 1 0
github.com/luisantonisu/wave15-grupo4/internal/repository/product/product.go:45.2,45.21 1 0
github.com/luisantonisu/wave15-grupo4/internal/repository/product/product.go:48.84,50.16 2 0
github.com/luisantonisu/wave15-grupo4/internal/repository/product/product.go:50.16,52.3 1 0
github.com/luisantonisu/wave15-grupo4/internal/repository/product/product.go:53.2,56.18 3 0
github.com/luisantonisu/wave15-grupo4/internal/repository/product/product.go:56.18,60.17 3 0
github.com/luisantonisu/wave15-grupo4/internal/repository/product/product.go:60.17,62.4 1 0
github.com/luisantonisu/wave15-grupo4/internal/repository/product/product.go:63.3,63.57 1 0
github.com/luisantonisu/wave15-grupo4/internal/repository/product/product.go:66.2,66.28 1 0
github.com/luisantonisu/wave15-grupo4/internal/repository/product/product.go:69.92,73.16 4 0
github.com/luisantonisu/wave15-grupo4/internal/repository/product/product.go:73.16,75.3 1 0
github.com/luisantonisu/wave15-grupo4/internal/repository/product/product.go:76.2,76.32 1 0
github.com/luisantonisu/wave15-grupo4/internal/repository/product/product.go:79.72,83.16 4 0
github.com/luisantonisu/wave15-grupo4/internal/repository/product/product.go:83.16,85.3 1 0
github.com/luisantonisu/wave15-grupo4/internal/repository/product/product.go:86.2,86.18 1 0
github.com/luisantonisu/wave15-grupo4/internal/repository/product/product.go:89.119,91.57 1 0
github.com/luisantonisu/wave15-grupo4/internal/repository/product/product.go:91.57,93.3 1 0
github.com/luisantonisu/wave15-grupo4/internal/repository/product/product.go:94.2,96.16 2 0
github.com/luisantonisu/wave15-grupo4/internal/repository/product/product.go:96.16,98.3 1 0
github.com/luisantonisu/wave15-grupo4/internal/repository/product/product.go:100.2,101.16 2 0
github.com/luisantonisu/wave15-grupo4/internal/repository/product/product.go:101.16,103.3 1 0
github.com/luisantonisu/wave15-grupo4/internal/repository/product/product.go:105.2,109.24 4 0
github.com/luisantonisu/wave15-grupo4/internal/repository/product/product.go:112.63,115.16 2 0
github.com/luisantonisu/wave15-grupo4/internal/repository/product/product.go:115.16,117.3 1 0
github.com/luisantonisu/wave15-grupo4/internal/repository/product/product.go:119.2,119.12 1 0
github.com/luisantonisu/wave15-grupo4/internal/repository/product/product.go:119.12,121.3 1 0
github.com/luisantonisu/wave15-grupo4/internal/repository/product/product.go:122.2,123.16 2 0
github.com/luisantonisu/wave15-grupo4/internal/repository/product/product.go:123.16,125.3 1 0
github.com/luisantonisu/wave15-grupo4/internal/repository/product/product.go:126.2,126.12 1 0
github.com/luisantonisu/wave15-grupo4/internal/repository/product/product.go:129.134,132.16 2 0
github.com/luisantonisu/wave15-grupo4/internal/repository/product/product.go:132.16,134.3 1 0
github.com/luisantonisu/wave15-grupo4/internal/repository/product/product.go:135.2,135.12 1 0
github.com/luisantonisu/wave15-grupo4/internal/repository/product/product.go:135.12,137.3 1 0
github.com/luisantonisu/wave15-grupo4/internal/repository/product/product.go:138.2,138.33 1 0
github.com/luisantonisu/wave15-grupo4/internal/repository/product/product.go:138.33,140.3 1 0
github.com/luisantonisu/wave15-grupo4/internal/repository/product/product.go:142.2,142.103 1 0
github.com/luisantonisu/wave15-grupo4/internal/repository/product/product.go:142.103,145.3 1 0
github.com/luisantonisu/wave15-grupo4/internal/repository/product/product.go:147.2,151.16 4 0
github.com/luisantonisu/wave15-grupo4/internal/repository/product/product.go:151.16,153.3 1 0
github.com/luisantonisu/wave15-grupo4/internal/repository/product/product.go:155.2,155.45 1 0
github.com/luisantonisu/wave15-grupo4/internal/repository/product/product.go:155.45,157.3 1 0
github.com/luisantonisu/wave15-grupo4/internal/repository/product/product.go:158.2,158.45 1 0
github.com/luisantonisu/wave15-grupo4/internal/repository/product/product.go:158.45,160.3 1 0
github.com/luisantonisu/wave15-grupo4/internal/repository/product/product.go:161.2,161.39 1 0
github.com/luisantonisu/wave15-grupo4/internal/repository/product/product.go:161.39,163.3 1 0
github.com/luisantonisu/wave15-grupo4/internal/repository/product/product.go:164.2,164.40 1 0
github.com/luisantonisu/wave15-grupo4/internal/repository/product/product.go:164.40,166.3 1 0
github.com/luisantonisu/wave15-grupo4/internal/repository/product/product.go:167.2,167.40 1 0
github.com/luisantonisu/wave15-grupo4/internal/repository/product/product.go:167.40,169.3 1 0
github.com/luisantonisu/wave15-grupo4/internal/repository/product/product.go:170.2,170.43 1 0
github.com/luisantonisu/wave15-grupo4/internal/repository/product/product.go:170.43,172.3 1 0
github.com/luisantonisu/wave15-grupo4/internal/repository/product/product.go:173.2,173.48 1 0
github.com/luisantonisu/wave15-grupo4/internal/repository/product/product.go:173.48,175.3 1 0
github.com/luisantonisu/wave15-grupo4/internal/repository/product/product.go:176.2,176.64 1 0
github.com/luisantonisu/wave15-grupo4/internal/repository/product/product.go:176.64,178.3 1 0
github.com/luisantonisu/wave15-grupo4/internal/repository/product/product.go:179.2,179.46 1 0
github.com/luisantonisu/wave15-grupo4/internal/repository/product/product.go:179.46,181.3 1 0
github.com/luisantonisu/wave15-grupo4/internal/repository/product/product.go:182.2,182.47 1 0
github.com/luisantonisu/wave15-grupo4/internal/repository/product/product.go:182.47,184.3 1 0
github.com/luisantonisu/wave15-grupo4/internal/repository/product/product.go:187.2,188.16 2 0
github.com/luisantonisu/wave15-grupo4/internal/repository/product/product.go:188.16,191.3 2 0
github.com/luisantonisu/wave15-grupo4/internal/repository/product/product.go:192.2,194.21 3 0
github.com/luisantonisu/wave15-grupo4/internal/repository/product/product.go:197.66,201.16 4 0
github.com/luisantonisu/wave15-grupo4/internal/repository/product/product.go:201.16,203.3 1 0
github.com/luisantonisu/wave15-grupo4/internal/repository/product/product.go:204.2,204.19 1 0
github.com/luisantonisu/wave15-grupo4/internal/service/product/product.go:9.72,11.2 1 1
github.com/luisantonisu/wave15-grupo4/internal/service/product/product.go:17.79,19.2 1 1
github.com/luisantonisu/wave15-grupo4/internal/service/product/product.go:21.84,23.2 1 1
github.com/luisantonisu/wave15-grupo4/internal/service/product/product.go:25.102,27.2 1 1
github.com/luisantonisu/wave15-grupo4/internal/service/product/product.go:29.107,31.2 1 1
github.com/luisantonisu/wave15-grupo4/internal/service/product/product.go:33.72,34.438 1 1
github.com/luisantonisu/wave15-grupo4/internal/service/product/product.go:34.438,36.3 1 1
github.com/luisantonisu/wave15-grupo4/internal/service/product/product.go:37.2,37.8 1 1
github.com/luisantonisu/wave15-grupo4/internal/service/product/product.go:40.116,41.54 1 1
github.com/luisantonisu/wave15-grupo4/internal/service/product/product.go:41.54,43.3 1 0
github.com/luisantonisu/wave15-grupo4/internal/service/product/product.go:44.2,44.54 1 1
github.com/luisantonisu/wave15-grupo4/internal/service/product/product.go:47.60,49.2 1 1
github.com/luisantonisu/wave15-grupo4/internal/service/product/product.go:51.129,53.2 1 1
github.com/luisantonisu/wave15-grupo4/pkg/error_handler/my_error.go:51.42,53.2 1 1
github.com/luisantonisu/wave15-grupo4/pkg/error_handler/my_error.go:55.47,57.2 1 0
github.com/luisantonisu/wave15-grupo4/pkg/error_handler/my_error.go:59.45,61.2 1 1
github.com/luisantonisu/wave15-grupo4/pkg/error_handler/my_error.go:63.44,65.2 1 0
github.com/luisantonisu/wave15-grupo4/pkg/error_handler/my_error.go:67.45,69.2 1 0
github.com/luisantonisu/wave15-grupo4/pkg/error_handler/my_error.go:71.45,73.2 1 0
github.com/luisantonisu/wave15-grupo4/pkg/error_handler/my_error.go:75.42,77.2 1 0
github.com/luisantonisu/wave15-grupo4/pkg/error_handler/my_error.go:79.71,81.2 1 0
github.com/luisantonisu/wave15-grupo4/pkg/error_handler/my_error.go:83.43,84.33 1 0
github.com/luisantonisu/wave15-grupo4/pkg/error_handler/my_error.go:84.33,86.3 1 0
github.com/luisantonisu/wave15-grupo4/pkg/error_handler/my_error.go:88.2,88.38 1 0
github.com/luisantonisu/wave15-grupo4/pkg/error_handler/my_error.go:88.38,90.3 1 0
github.com/luisantonisu/wave15-grupo4/pkg/error_handler/my_error.go:92.2,92.36 1 0
github.com/luisantonisu/wave15-grupo4/pkg/error_handler/my_error.go:92.36,94.3 1 0
github.com/luisantonisu/wave15-grupo4/pkg/error_handler/my_error.go:96.2,96.35 1 0
github.com/luisantonisu/wave15-grupo4/pkg/error_handler/my_error.go:96.35,98.3 1 0
github.com/luisantonisu/wave15-grupo4/pkg/error_handler/my_error.go:100.2,100.52 1 0
